0 info it worked if it ends with ok
1 verbose cli [ '/usr/bin/nodejs', '/usr/bin/npm', 'run', 'start' ]
2 info using npm@1.4.21
3 info using node@v0.10.29
4 verbose run-script [ 'prestart', 'start', 'poststart' ]
5 info prestart managenow@0.0.1
6 info start managenow@0.0.1
7 verbose unsafe-perm in lifecycle true
8 info managenow@0.0.1 Failed to exec start script
9 error managenow@0.0.1 start: `node ./bin/www`
9 error Exit status 8
10 error Failed at the managenow@0.0.1 start script.
10 error This is most likely a problem with the managenow package,
10 error not with npm itself.
10 error Tell the author that this fails on your system:
10 error     node ./bin/www
10 error You can get their info via:
10 error     npm owner ls managenow
10 error There is likely additional logging output above.
11 error System Linux 3.16.0-4-amd64
12 error command "/usr/bin/nodejs" "/usr/bin/npm" "run" "start"
13 error cwd /home/amg0/managenow
14 error node -v v0.10.29
15 error npm -v 1.4.21
16 error code ELIFECYCLE
17 verbose exit [ 1, true ]
