{"level":"info","message":"initialize DAL & pool","timestamp":"2016-01-08T18:42:29.540Z"}
{"level":"info","message":"init generic DAL for \"users\" ","timestamp":"2016-01-08T18:42:29.546Z"}
{"level":"info","message":"init generic DAL for \"projects\" ","timestamp":"2016-01-08T18:42:29.547Z"}
{"level":"info","message":"connected as id 37","timestamp":"2016-01-08T18:44:33.699Z"}
{"level":"info","message":"listAll SQL:SELECT * FROM projects","timestamp":"2016-01-08T18:44:33.701Z"}
{"level":"info","message":"connected as id 38","timestamp":"2016-01-08T18:44:33.706Z"}
{"level":"info","message":"listAll SQL:SELECT * FROM users","timestamp":"2016-01-08T18:44:33.707Z"}
{"level":"info","message":"connected as id 37","timestamp":"2016-01-08T18:46:04.757Z"}
{"level":"info","message":"listAll SQL:SELECT * FROM projects","timestamp":"2016-01-08T18:46:04.759Z"}
{"level":"info","message":"connected as id 38","timestamp":"2016-01-08T18:46:04.772Z"}
{"level":"info","message":"listAll SQL:SELECT * FROM users","timestamp":"2016-01-08T18:46:04.773Z"}
{"level":"info","message":"connected as id 37","timestamp":"2016-01-08T18:46:30.757Z"}
{"level":"info","message":"listAll SQL:SELECT * FROM projects","timestamp":"2016-01-08T18:46:30.758Z"}
{"level":"info","message":"connected as id 38","timestamp":"2016-01-08T18:46:30.761Z"}
{"level":"info","message":"listAll SQL:SELECT * FROM users","timestamp":"2016-01-08T18:46:30.762Z"}
{"level":"info","message":"connected as id 37","timestamp":"2016-01-08T18:47:36.651Z"}
{"level":"info","message":"listAll SQL:SELECT * FROM projects","timestamp":"2016-01-08T18:47:36.653Z"}
{"level":"info","message":"connected as id 38","timestamp":"2016-01-08T18:47:36.672Z"}
{"level":"info","message":"listAll SQL:SELECT * FROM users","timestamp":"2016-01-08T18:47:36.676Z"}
{"level":"info","message":"connected as id 37","timestamp":"2016-01-08T18:50:12.793Z"}
{"level":"info","message":"listAll SQL:SELECT * FROM projects","timestamp":"2016-01-08T18:50:12.795Z"}
{"level":"info","message":"connected as id 38","timestamp":"2016-01-08T18:50:12.808Z"}
{"level":"info","message":"listAll SQL:SELECT * FROM users","timestamp":"2016-01-08T18:50:12.810Z"}
{"level":"info","message":"connected as id 37","timestamp":"2016-01-08T18:52:16.431Z"}
{"level":"info","message":"listAll SQL:SELECT * FROM projects","timestamp":"2016-01-08T18:52:16.434Z"}
{"level":"info","message":"connected as id 38","timestamp":"2016-01-08T18:52:16.449Z"}
{"level":"info","message":"listAll SQL:SELECT * FROM users","timestamp":"2016-01-08T18:52:16.451Z"}
{"level":"info","message":"connected as id 37","timestamp":"2016-01-08T18:54:57.455Z"}
{"level":"info","message":"listAll SQL:SELECT * FROM projects","timestamp":"2016-01-08T18:54:57.456Z"}
{"level":"info","message":"connected as id 38","timestamp":"2016-01-08T18:54:57.470Z"}
{"level":"info","message":"listAll SQL:SELECT * FROM users","timestamp":"2016-01-08T18:54:57.471Z"}
{"level":"info","message":"connected as id 37","timestamp":"2016-01-08T18:55:29.150Z"}
{"level":"info","message":"listAll SQL:SELECT * FROM projects","timestamp":"2016-01-08T18:55:29.151Z"}
{"level":"info","message":"connected as id 38","timestamp":"2016-01-08T18:55:29.156Z"}
{"level":"info","message":"listAll SQL:SELECT * FROM users","timestamp":"2016-01-08T18:55:29.156Z"}
{"level":"info","message":"connected as id 37","timestamp":"2016-01-08T18:57:42.898Z"}
{"level":"info","message":"listAll SQL:SELECT * FROM projects","timestamp":"2016-01-08T18:57:42.899Z"}
{"level":"info","message":"connected as id 38","timestamp":"2016-01-08T18:57:42.908Z"}
{"level":"info","message":"listAll SQL:SELECT * FROM users","timestamp":"2016-01-08T18:57:42.909Z"}
{"level":"info","message":"connected as id 37","timestamp":"2016-01-08T18:59:53.363Z"}
{"level":"info","message":"listAll SQL:SELECT * FROM projects","timestamp":"2016-01-08T18:59:53.364Z"}
{"level":"info","message":"connected as id 38","timestamp":"2016-01-08T18:59:53.373Z"}
{"level":"info","message":"listAll SQL:SELECT * FROM users","timestamp":"2016-01-08T18:59:53.374Z"}
{"level":"info","message":"connected as id 37","timestamp":"2016-01-08T19:00:38.348Z"}
{"level":"info","message":"listAll SQL:SELECT * FROM projects","timestamp":"2016-01-08T19:00:38.350Z"}
{"level":"info","message":"connected as id 38","timestamp":"2016-01-08T19:00:38.355Z"}
{"level":"info","message":"listAll SQL:SELECT * FROM users","timestamp":"2016-01-08T19:00:38.356Z"}
{"level":"info","message":"initialize DAL & pool","timestamp":"2016-01-08T19:01:19.390Z"}
{"level":"info","message":"init generic DAL for \"users\" ","timestamp":"2016-01-08T19:01:19.395Z"}
{"level":"info","message":"init generic DAL for \"projects\" ","timestamp":"2016-01-08T19:01:19.396Z"}
{"level":"info","message":"connected as id 39","timestamp":"2016-01-08T19:01:30.380Z"}
{"level":"info","message":"listAll SQL:SELECT * FROM projects","timestamp":"2016-01-08T19:01:30.382Z"}
{"level":"info","message":"connected as id 40","timestamp":"2016-01-08T19:01:30.399Z"}
{"level":"info","message":"listAll SQL:SELECT * FROM users","timestamp":"2016-01-08T19:01:30.400Z"}
{"level":"info","message":"connected as id 39","timestamp":"2016-01-08T19:02:19.456Z"}
{"level":"info","message":"listAll SQL:SELECT * FROM projects","timestamp":"2016-01-08T19:02:19.458Z"}
{"level":"info","message":"connected as id 40","timestamp":"2016-01-08T19:02:19.468Z"}
{"level":"info","message":"listAll SQL:SELECT * FROM users","timestamp":"2016-01-08T19:02:19.470Z"}
{"level":"info","message":"connected as id 39","timestamp":"2016-01-08T19:02:41.242Z"}
{"level":"info","message":"listAll SQL:SELECT * FROM projects","timestamp":"2016-01-08T19:02:41.244Z"}
{"level":"info","message":"connected as id 40","timestamp":"2016-01-08T19:02:41.266Z"}
{"level":"info","message":"listAll SQL:SELECT * FROM users","timestamp":"2016-01-08T19:02:41.267Z"}
{"level":"info","message":"connected as id 39","timestamp":"2016-01-08T19:08:13.110Z"}
{"level":"info","message":"listAll SQL:SELECT * FROM projects","timestamp":"2016-01-08T19:08:13.112Z"}
{"level":"info","message":"connected as id 40","timestamp":"2016-01-08T19:08:13.141Z"}
{"level":"info","message":"listAll SQL:SELECT * FROM users","timestamp":"2016-01-08T19:08:13.142Z"}
{"level":"info","message":"initialize DAL & pool","timestamp":"2016-01-08T19:08:25.847Z"}
{"level":"info","message":"init generic DAL for \"users\" ","timestamp":"2016-01-08T19:08:25.852Z"}
{"level":"info","message":"init generic DAL for \"projects\" ","timestamp":"2016-01-08T19:08:25.853Z"}
{"level":"info","message":"connected as id 41","timestamp":"2016-01-08T19:48:19.829Z"}
{"level":"info","message":"listAll SQL:SELECT * FROM projects","timestamp":"2016-01-08T19:48:19.832Z"}
{"level":"info","message":"connected as id 41","timestamp":"2016-01-08T19:48:28.586Z"}
{"level":"info","message":"listAll SQL:SELECT * FROM users","timestamp":"2016-01-08T19:48:28.588Z"}
{"level":"info","message":"connected as id 41","timestamp":"2016-01-08T19:49:09.587Z"}
{"level":"info","message":"get SQL:SELECT * FROM projects WHERE id='1' LIMIT 1","timestamp":"2016-01-08T19:49:09.590Z"}
{"id":1,"project_name":"Biztalk Migration","prod_date":"2016-01-31","project_manager":2,"level":"info","message":"","timestamp":"2016-01-08T19:49:09.595Z"}
{"0":{"catalog":"def","db":"testdb","table":"projects","orgTable":"projects","name":"id","orgName":"id","charsetNr":63,"length":10,"type":3,"flags":16931,"decimals":0,"zeroFill":false,"protocol41":true},"1":{"catalog":"def","db":"testdb","table":"projects","orgTable":"projects","name":"project_name","orgName":"project_name","charsetNr":33,"length":150,"type":253,"flags":4097,"decimals":0,"zeroFill":false,"protocol41":true},"2":{"catalog":"def","db":"testdb","table":"projects","orgTable":"projects","name":"prod_date","orgName":"prod_date","charsetNr":63,"length":10,"type":10,"flags":4225,"decimals":0,"zeroFill":false,"protocol41":true},"3":{"catalog":"def","db":"testdb","table":"projects","orgTable":"projects","name":"project_manager","orgName":"project_manager","charsetNr":63,"length":10,"type":3,"flags":32,"decimals":0,"zeroFill":false,"protocol41":true},"level":"info","message":"","timestamp":"2016-01-08T19:49:09.601Z"}
{"level":"info","message":"connected as id 41","timestamp":"2016-01-08T19:49:09.968Z"}
{"level":"info","message":"listAll SQL:SELECT * FROM users","timestamp":"2016-01-08T19:49:09.969Z"}
{"level":"info","message":"connected as id 41","timestamp":"2016-01-08T19:51:18.083Z"}
{"level":"info","message":"listAll SQL:SELECT * FROM projects","timestamp":"2016-01-08T19:51:18.085Z"}
{"level":"info","message":"connected as id 41","timestamp":"2016-01-08T19:51:23.053Z"}
{"level":"info","message":"listAll SQL:SELECT * FROM users","timestamp":"2016-01-08T19:51:23.055Z"}
{"level":"info","message":"connected as id 41","timestamp":"2016-01-08T19:51:24.849Z"}
{"level":"info","message":"get SQL:SELECT * FROM projects WHERE id='1' LIMIT 1","timestamp":"2016-01-08T19:51:24.850Z"}
{"id":1,"project_name":"Biztalk Migration","prod_date":"2016-01-31","project_manager":2,"level":"info","message":"","timestamp":"2016-01-08T19:51:24.852Z"}
{"0":{"catalog":"def","db":"testdb","table":"projects","orgTable":"projects","name":"id","orgName":"id","charsetNr":63,"length":10,"type":3,"flags":16931,"decimals":0,"zeroFill":false,"protocol41":true},"1":{"catalog":"def","db":"testdb","table":"projects","orgTable":"projects","name":"project_name","orgName":"project_name","charsetNr":33,"length":150,"type":253,"flags":4097,"decimals":0,"zeroFill":false,"protocol41":true},"2":{"catalog":"def","db":"testdb","table":"projects","orgTable":"projects","name":"prod_date","orgName":"prod_date","charsetNr":63,"length":10,"type":10,"flags":4225,"decimals":0,"zeroFill":false,"protocol41":true},"3":{"catalog":"def","db":"testdb","table":"projects","orgTable":"projects","name":"project_manager","orgName":"project_manager","charsetNr":63,"length":10,"type":3,"flags":32,"decimals":0,"zeroFill":false,"protocol41":true},"level":"info","message":"","timestamp":"2016-01-08T19:51:24.854Z"}
{"level":"info","message":"connected as id 41","timestamp":"2016-01-08T19:52:09.715Z"}
{"level":"info","message":"listAll SQL:SELECT * FROM users","timestamp":"2016-01-08T19:52:09.717Z"}
{"level":"info","message":"connected as id 41","timestamp":"2016-01-08T19:53:35.796Z"}
{"level":"info","message":"listAll SQL:SELECT * FROM projects","timestamp":"2016-01-08T19:53:35.797Z"}
{"level":"info","message":"connected as id 41","timestamp":"2016-01-08T19:53:35.814Z"}
{"level":"info","message":"listAll SQL:SELECT * FROM users","timestamp":"2016-01-08T19:53:35.814Z"}
{"level":"info","message":"connected as id 41","timestamp":"2016-01-08T19:53:50.697Z"}
{"level":"info","message":"get SQL:SELECT * FROM projects WHERE id='1' LIMIT 1","timestamp":"2016-01-08T19:53:50.699Z"}
{"id":1,"project_name":"Biztalk Migration","prod_date":"2016-01-31","project_manager":2,"level":"info","message":"","timestamp":"2016-01-08T19:53:50.702Z"}
{"0":{"catalog":"def","db":"testdb","table":"projects","orgTable":"projects","name":"id","orgName":"id","charsetNr":63,"length":10,"type":3,"flags":16931,"decimals":0,"zeroFill":false,"protocol41":true},"1":{"catalog":"def","db":"testdb","table":"projects","orgTable":"projects","name":"project_name","orgName":"project_name","charsetNr":33,"length":150,"type":253,"flags":4097,"decimals":0,"zeroFill":false,"protocol41":true},"2":{"catalog":"def","db":"testdb","table":"projects","orgTable":"projects","name":"prod_date","orgName":"prod_date","charsetNr":63,"length":10,"type":10,"flags":4225,"decimals":0,"zeroFill":false,"protocol41":true},"3":{"catalog":"def","db":"testdb","table":"projects","orgTable":"projects","name":"project_manager","orgName":"project_manager","charsetNr":63,"length":10,"type":3,"flags":32,"decimals":0,"zeroFill":false,"protocol41":true},"level":"info","message":"","timestamp":"2016-01-08T19:53:50.708Z"}
{"level":"info","message":"connected as id 41","timestamp":"2016-01-08T19:54:31.127Z"}
{"level":"info","message":"listAll SQL:SELECT * FROM users","timestamp":"2016-01-08T19:54:31.129Z"}
{"level":"info","message":"connected as id 41","timestamp":"2016-01-08T19:56:14.931Z"}
{"level":"info","message":"listAll SQL:SELECT * FROM projects","timestamp":"2016-01-08T19:56:14.933Z"}
{"level":"info","message":"connected as id 41","timestamp":"2016-01-08T19:56:14.945Z"}
{"level":"info","message":"listAll SQL:SELECT * FROM users","timestamp":"2016-01-08T19:56:14.946Z"}
{"level":"info","message":"connected as id 41","timestamp":"2016-01-08T19:56:36.679Z"}
{"level":"info","message":"get SQL:SELECT * FROM projects WHERE id='1' LIMIT 1","timestamp":"2016-01-08T19:56:36.680Z"}
{"id":1,"project_name":"Biztalk Migration","prod_date":"2016-01-31","project_manager":2,"level":"info","message":"","timestamp":"2016-01-08T19:56:36.683Z"}
{"0":{"catalog":"def","db":"testdb","table":"projects","orgTable":"projects","name":"id","orgName":"id","charsetNr":63,"length":10,"type":3,"flags":16931,"decimals":0,"zeroFill":false,"protocol41":true},"1":{"catalog":"def","db":"testdb","table":"projects","orgTable":"projects","name":"project_name","orgName":"project_name","charsetNr":33,"length":150,"type":253,"flags":4097,"decimals":0,"zeroFill":false,"protocol41":true},"2":{"catalog":"def","db":"testdb","table":"projects","orgTable":"projects","name":"prod_date","orgName":"prod_date","charsetNr":63,"length":10,"type":10,"flags":4225,"decimals":0,"zeroFill":false,"protocol41":true},"3":{"catalog":"def","db":"testdb","table":"projects","orgTable":"projects","name":"project_manager","orgName":"project_manager","charsetNr":63,"length":10,"type":3,"flags":32,"decimals":0,"zeroFill":false,"protocol41":true},"level":"info","message":"","timestamp":"2016-01-08T19:56:36.685Z"}
{"level":"info","message":"connected as id 41","timestamp":"2016-01-08T19:57:06.851Z"}
{"level":"info","message":"listAll SQL:SELECT * FROM users","timestamp":"2016-01-08T19:57:06.853Z"}
{"level":"info","message":"connected as id 41","timestamp":"2016-01-08T20:25:09.775Z"}
{"level":"info","message":"get SQL:SELECT * FROM projects WHERE id='1' LIMIT 1","timestamp":"2016-01-08T20:25:09.776Z"}
{"id":1,"project_name":"Biztalk Migration","prod_date":"2016-01-31","project_manager":2,"level":"info","message":"","timestamp":"2016-01-08T20:25:09.779Z"}
{"0":{"catalog":"def","db":"testdb","table":"projects","orgTable":"projects","name":"id","orgName":"id","charsetNr":63,"length":10,"type":3,"flags":16931,"decimals":0,"zeroFill":false,"protocol41":true},"1":{"catalog":"def","db":"testdb","table":"projects","orgTable":"projects","name":"project_name","orgName":"project_name","charsetNr":33,"length":150,"type":253,"flags":4097,"decimals":0,"zeroFill":false,"protocol41":true},"2":{"catalog":"def","db":"testdb","table":"projects","orgTable":"projects","name":"prod_date","orgName":"prod_date","charsetNr":63,"length":10,"type":10,"flags":4225,"decimals":0,"zeroFill":false,"protocol41":true},"3":{"catalog":"def","db":"testdb","table":"projects","orgTable":"projects","name":"project_manager","orgName":"project_manager","charsetNr":63,"length":10,"type":3,"flags":32,"decimals":0,"zeroFill":false,"protocol41":true},"level":"info","message":"","timestamp":"2016-01-08T20:25:09.782Z"}
{"level":"info","message":"connected as id 41","timestamp":"2016-01-08T20:29:41.210Z"}
{"level":"info","message":"listAll SQL:SELECT * FROM users","timestamp":"2016-01-08T20:29:41.211Z"}
{"level":"info","message":"connected as id 41","timestamp":"2016-01-08T20:36:29.159Z"}
{"level":"info","message":"listAll SQL:SELECT * FROM projects","timestamp":"2016-01-08T20:36:29.160Z"}
{"level":"info","message":"connected as id 41","timestamp":"2016-01-08T20:36:38.880Z"}
{"level":"info","message":"listAll SQL:SELECT * FROM users","timestamp":"2016-01-08T20:36:38.881Z"}
{"level":"info","message":"connected as id 41","timestamp":"2016-01-08T20:38:08.184Z"}
{"level":"info","message":"listAll SQL:SELECT * FROM projects","timestamp":"2016-01-08T20:38:08.186Z"}
{"level":"info","message":"connected as id 41","timestamp":"2016-01-08T20:38:08.194Z"}
{"level":"info","message":"listAll SQL:SELECT * FROM users","timestamp":"2016-01-08T20:38:08.195Z"}
{"level":"info","message":"connected as id 41","timestamp":"2016-01-08T20:38:47.604Z"}
{"level":"info","message":"get SQL:SELECT * FROM projects WHERE id='1' LIMIT 1","timestamp":"2016-01-08T20:38:47.604Z"}
{"id":1,"project_name":"Biztalk Migration","prod_date":"2016-01-31","project_manager":2,"level":"info","message":"","timestamp":"2016-01-08T20:38:47.607Z"}
{"0":{"catalog":"def","db":"testdb","table":"projects","orgTable":"projects","name":"id","orgName":"id","charsetNr":63,"length":10,"type":3,"flags":16931,"decimals":0,"zeroFill":false,"protocol41":true},"1":{"catalog":"def","db":"testdb","table":"projects","orgTable":"projects","name":"project_name","orgName":"project_name","charsetNr":33,"length":150,"type":253,"flags":4097,"decimals":0,"zeroFill":false,"protocol41":true},"2":{"catalog":"def","db":"testdb","table":"projects","orgTable":"projects","name":"prod_date","orgName":"prod_date","charsetNr":63,"length":10,"type":10,"flags":4225,"decimals":0,"zeroFill":false,"protocol41":true},"3":{"catalog":"def","db":"testdb","table":"projects","orgTable":"projects","name":"project_manager","orgName":"project_manager","charsetNr":63,"length":10,"type":3,"flags":32,"decimals":0,"zeroFill":false,"protocol41":true},"level":"info","message":"","timestamp":"2016-01-08T20:38:47.608Z"}
{"level":"info","message":"connected as id 41","timestamp":"2016-01-08T20:39:35.512Z"}
{"level":"info","message":"listAll SQL:SELECT * FROM users","timestamp":"2016-01-08T20:39:35.513Z"}
{"level":"info","message":"connected as id 41","timestamp":"2016-01-08T20:59:39.308Z"}
{"level":"info","message":"listAll SQL:SELECT * FROM projects","timestamp":"2016-01-08T20:59:39.309Z"}
{"level":"info","message":"connected as id 41","timestamp":"2016-01-08T20:59:39.324Z"}
{"level":"info","message":"listAll SQL:SELECT * FROM users","timestamp":"2016-01-08T20:59:39.327Z"}
{"level":"info","message":"connected as id 41","timestamp":"2016-01-08T20:59:40.913Z"}
{"level":"info","message":"get SQL:SELECT * FROM projects WHERE id='1' LIMIT 1","timestamp":"2016-01-08T20:59:40.914Z"}
{"id":1,"project_name":"Biztalk Migration","prod_date":"2016-01-31","project_manager":2,"level":"info","message":"","timestamp":"2016-01-08T20:59:40.917Z"}
{"0":{"catalog":"def","db":"testdb","table":"projects","orgTable":"projects","name":"id","orgName":"id","charsetNr":63,"length":10,"type":3,"flags":16931,"decimals":0,"zeroFill":false,"protocol41":true},"1":{"catalog":"def","db":"testdb","table":"projects","orgTable":"projects","name":"project_name","orgName":"project_name","charsetNr":33,"length":150,"type":253,"flags":4097,"decimals":0,"zeroFill":false,"protocol41":true},"2":{"catalog":"def","db":"testdb","table":"projects","orgTable":"projects","name":"prod_date","orgName":"prod_date","charsetNr":63,"length":10,"type":10,"flags":4225,"decimals":0,"zeroFill":false,"protocol41":true},"3":{"catalog":"def","db":"testdb","table":"projects","orgTable":"projects","name":"project_manager","orgName":"project_manager","charsetNr":63,"length":10,"type":3,"flags":32,"decimals":0,"zeroFill":false,"protocol41":true},"level":"info","message":"","timestamp":"2016-01-08T20:59:40.918Z"}
{"level":"info","message":"connected as id 41","timestamp":"2016-01-08T20:59:40.943Z"}
{"level":"info","message":"listAll SQL:SELECT * FROM users","timestamp":"2016-01-08T20:59:40.944Z"}
{"level":"info","message":"connected as id 41","timestamp":"2016-01-08T20:59:57.063Z"}
{"level":"info","message":"get SQL:SELECT * FROM projects WHERE id='1' LIMIT 1","timestamp":"2016-01-08T20:59:57.065Z"}
{"id":1,"project_name":"Biztalk Migration","prod_date":"2016-01-31","project_manager":2,"level":"info","message":"","timestamp":"2016-01-08T20:59:57.068Z"}
{"0":{"catalog":"def","db":"testdb","table":"projects","orgTable":"projects","name":"id","orgName":"id","charsetNr":63,"length":10,"type":3,"flags":16931,"decimals":0,"zeroFill":false,"protocol41":true},"1":{"catalog":"def","db":"testdb","table":"projects","orgTable":"projects","name":"project_name","orgName":"project_name","charsetNr":33,"length":150,"type":253,"flags":4097,"decimals":0,"zeroFill":false,"protocol41":true},"2":{"catalog":"def","db":"testdb","table":"projects","orgTable":"projects","name":"prod_date","orgName":"prod_date","charsetNr":63,"length":10,"type":10,"flags":4225,"decimals":0,"zeroFill":false,"protocol41":true},"3":{"catalog":"def","db":"testdb","table":"projects","orgTable":"projects","name":"project_manager","orgName":"project_manager","charsetNr":63,"length":10,"type":3,"flags":32,"decimals":0,"zeroFill":false,"protocol41":true},"level":"info","message":"","timestamp":"2016-01-08T20:59:57.070Z"}
{"level":"info","message":"connected as id 41","timestamp":"2016-01-08T21:00:07.015Z"}
{"level":"info","message":"listAll SQL:SELECT * FROM users","timestamp":"2016-01-08T21:00:07.016Z"}
{"level":"info","message":"connected as id 41","timestamp":"2016-01-08T21:01:24.194Z"}
{"level":"info","message":"listAll SQL:SELECT * FROM projects","timestamp":"2016-01-08T21:01:24.196Z"}
{"level":"info","message":"connected as id 41","timestamp":"2016-01-08T21:01:24.204Z"}
{"level":"info","message":"listAll SQL:SELECT * FROM users","timestamp":"2016-01-08T21:01:24.205Z"}
{"level":"info","message":"connected as id 41","timestamp":"2016-01-08T21:01:49.786Z"}
{"level":"info","message":"get SQL:SELECT * FROM projects WHERE id='1' LIMIT 1","timestamp":"2016-01-08T21:01:49.787Z"}
{"id":1,"project_name":"Biztalk Migration","prod_date":"2016-01-31","project_manager":2,"level":"info","message":"","timestamp":"2016-01-08T21:01:49.789Z"}
{"0":{"catalog":"def","db":"testdb","table":"projects","orgTable":"projects","name":"id","orgName":"id","charsetNr":63,"length":10,"type":3,"flags":16931,"decimals":0,"zeroFill":false,"protocol41":true},"1":{"catalog":"def","db":"testdb","table":"projects","orgTable":"projects","name":"project_name","orgName":"project_name","charsetNr":33,"length":150,"type":253,"flags":4097,"decimals":0,"zeroFill":false,"protocol41":true},"2":{"catalog":"def","db":"testdb","table":"projects","orgTable":"projects","name":"prod_date","orgName":"prod_date","charsetNr":63,"length":10,"type":10,"flags":4225,"decimals":0,"zeroFill":false,"protocol41":true},"3":{"catalog":"def","db":"testdb","table":"projects","orgTable":"projects","name":"project_manager","orgName":"project_manager","charsetNr":63,"length":10,"type":3,"flags":32,"decimals":0,"zeroFill":false,"protocol41":true},"level":"info","message":"","timestamp":"2016-01-08T21:01:49.790Z"}
{"level":"info","message":"connected as id 41","timestamp":"2016-01-08T21:01:49.870Z"}
{"level":"info","message":"listAll SQL:SELECT * FROM users","timestamp":"2016-01-08T21:01:49.871Z"}
{"level":"info","message":"connected as id 41","timestamp":"2016-01-08T21:07:26.239Z"}
{"level":"info","message":"listAll SQL:SELECT * FROM projects","timestamp":"2016-01-08T21:07:26.241Z"}
{"level":"info","message":"connected as id 41","timestamp":"2016-01-08T21:07:26.246Z"}
{"level":"info","message":"listAll SQL:SELECT * FROM users","timestamp":"2016-01-08T21:07:26.247Z"}
{"level":"info","message":"connected as id 41","timestamp":"2016-01-08T21:07:36.265Z"}
{"level":"info","message":"get SQL:SELECT * FROM projects WHERE id='1' LIMIT 1","timestamp":"2016-01-08T21:07:36.267Z"}
{"id":1,"project_name":"Biztalk Migration","prod_date":"2016-01-31","project_manager":2,"level":"info","message":"","timestamp":"2016-01-08T21:07:36.269Z"}
{"0":{"catalog":"def","db":"testdb","table":"projects","orgTable":"projects","name":"id","orgName":"id","charsetNr":63,"length":10,"type":3,"flags":16931,"decimals":0,"zeroFill":false,"protocol41":true},"1":{"catalog":"def","db":"testdb","table":"projects","orgTable":"projects","name":"project_name","orgName":"project_name","charsetNr":33,"length":150,"type":253,"flags":4097,"decimals":0,"zeroFill":false,"protocol41":true},"2":{"catalog":"def","db":"testdb","table":"projects","orgTable":"projects","name":"prod_date","orgName":"prod_date","charsetNr":63,"length":10,"type":10,"flags":4225,"decimals":0,"zeroFill":false,"protocol41":true},"3":{"catalog":"def","db":"testdb","table":"projects","orgTable":"projects","name":"project_manager","orgName":"project_manager","charsetNr":63,"length":10,"type":3,"flags":32,"decimals":0,"zeroFill":false,"protocol41":true},"level":"info","message":"","timestamp":"2016-01-08T21:07:36.270Z"}
{"level":"info","message":"connected as id 41","timestamp":"2016-01-08T21:07:36.354Z"}
{"level":"info","message":"listAll SQL:SELECT * FROM users","timestamp":"2016-01-08T21:07:36.355Z"}
{"level":"info","message":"connected as id 41","timestamp":"2016-01-08T21:08:28.340Z"}
{"level":"info","message":"get SQL:SELECT * FROM projects WHERE id='1' LIMIT 1","timestamp":"2016-01-08T21:08:28.340Z"}
{"id":1,"project_name":"Biztalk Migration","prod_date":"2016-01-31","project_manager":2,"level":"info","message":"","timestamp":"2016-01-08T21:08:28.342Z"}
{"0":{"catalog":"def","db":"testdb","table":"projects","orgTable":"projects","name":"id","orgName":"id","charsetNr":63,"length":10,"type":3,"flags":16931,"decimals":0,"zeroFill":false,"protocol41":true},"1":{"catalog":"def","db":"testdb","table":"projects","orgTable":"projects","name":"project_name","orgName":"project_name","charsetNr":33,"length":150,"type":253,"flags":4097,"decimals":0,"zeroFill":false,"protocol41":true},"2":{"catalog":"def","db":"testdb","table":"projects","orgTable":"projects","name":"prod_date","orgName":"prod_date","charsetNr":63,"length":10,"type":10,"flags":4225,"decimals":0,"zeroFill":false,"protocol41":true},"3":{"catalog":"def","db":"testdb","table":"projects","orgTable":"projects","name":"project_manager","orgName":"project_manager","charsetNr":63,"length":10,"type":3,"flags":32,"decimals":0,"zeroFill":false,"protocol41":true},"level":"info","message":"","timestamp":"2016-01-08T21:08:28.343Z"}
{"level":"info","message":"connected as id 41","timestamp":"2016-01-08T21:08:28.356Z"}
{"level":"info","message":"listAll SQL:SELECT * FROM users","timestamp":"2016-01-08T21:08:28.356Z"}
{"level":"info","message":"connected as id 41","timestamp":"2016-01-08T21:08:58.495Z"}
{"level":"info","message":"listAll SQL:SELECT * FROM projects","timestamp":"2016-01-08T21:08:58.496Z"}
{"level":"info","message":"connected as id 41","timestamp":"2016-01-08T21:08:58.506Z"}
{"level":"info","message":"listAll SQL:SELECT * FROM users","timestamp":"2016-01-08T21:08:58.507Z"}
{"level":"info","message":"connected as id 41","timestamp":"2016-01-08T21:09:00.271Z"}
{"level":"info","message":"get SQL:SELECT * FROM projects WHERE id='1' LIMIT 1","timestamp":"2016-01-08T21:09:00.273Z"}
{"id":1,"project_name":"Biztalk Migration","prod_date":"2016-01-31","project_manager":2,"level":"info","message":"","timestamp":"2016-01-08T21:09:00.274Z"}
{"0":{"catalog":"def","db":"testdb","table":"projects","orgTable":"projects","name":"id","orgName":"id","charsetNr":63,"length":10,"type":3,"flags":16931,"decimals":0,"zeroFill":false,"protocol41":true},"1":{"catalog":"def","db":"testdb","table":"projects","orgTable":"projects","name":"project_name","orgName":"project_name","charsetNr":33,"length":150,"type":253,"flags":4097,"decimals":0,"zeroFill":false,"protocol41":true},"2":{"catalog":"def","db":"testdb","table":"projects","orgTable":"projects","name":"prod_date","orgName":"prod_date","charsetNr":63,"length":10,"type":10,"flags":4225,"decimals":0,"zeroFill":false,"protocol41":true},"3":{"catalog":"def","db":"testdb","table":"projects","orgTable":"projects","name":"project_manager","orgName":"project_manager","charsetNr":63,"length":10,"type":3,"flags":32,"decimals":0,"zeroFill":false,"protocol41":true},"level":"info","message":"","timestamp":"2016-01-08T21:09:00.276Z"}
{"level":"info","message":"connected as id 41","timestamp":"2016-01-08T21:09:00.299Z"}
{"level":"info","message":"listAll SQL:SELECT * FROM users","timestamp":"2016-01-08T21:09:00.300Z"}
{"level":"info","message":"connected as id 41","timestamp":"2016-01-08T21:09:04.604Z"}
{"project_name":"Biztalk Migration","prod_date":"2016-01-31","project_manager":"1","level":"info","message":"","timestamp":"2016-01-08T21:09:04.606Z"}
{"level":"info","message":"update SQL:UPDATE projects SET `project_name` = 'Biztalk Migration', `prod_date` = '2016-01-31', `project_manager` = '1' Where ID = '1'","timestamp":"2016-01-08T21:09:04.608Z"}
{"level":"info","message":"Changed 1 rows","timestamp":"2016-01-08T21:09:04.635Z"}
{"level":"info","message":"connected as id 41","timestamp":"2016-01-08T21:09:04.650Z"}
{"level":"info","message":"listAll SQL:SELECT * FROM projects","timestamp":"2016-01-08T21:09:04.651Z"}
{"level":"info","message":"connected as id 41","timestamp":"2016-01-08T21:09:04.656Z"}
{"level":"info","message":"listAll SQL:SELECT * FROM users","timestamp":"2016-01-08T21:09:04.657Z"}
{"level":"info","message":"connected as id 41","timestamp":"2016-01-08T21:09:05.591Z"}
{"level":"info","message":"get SQL:SELECT * FROM projects WHERE id='1' LIMIT 1","timestamp":"2016-01-08T21:09:05.592Z"}
{"id":1,"project_name":"Biztalk Migration","prod_date":"2016-01-31","project_manager":1,"level":"info","message":"","timestamp":"2016-01-08T21:09:05.599Z"}
{"0":{"catalog":"def","db":"testdb","table":"projects","orgTable":"projects","name":"id","orgName":"id","charsetNr":63,"length":10,"type":3,"flags":16931,"decimals":0,"zeroFill":false,"protocol41":true},"1":{"catalog":"def","db":"testdb","table":"projects","orgTable":"projects","name":"project_name","orgName":"project_name","charsetNr":33,"length":150,"type":253,"flags":4097,"decimals":0,"zeroFill":false,"protocol41":true},"2":{"catalog":"def","db":"testdb","table":"projects","orgTable":"projects","name":"prod_date","orgName":"prod_date","charsetNr":63,"length":10,"type":10,"flags":4225,"decimals":0,"zeroFill":false,"protocol41":true},"3":{"catalog":"def","db":"testdb","table":"projects","orgTable":"projects","name":"project_manager","orgName":"project_manager","charsetNr":63,"length":10,"type":3,"flags":32,"decimals":0,"zeroFill":false,"protocol41":true},"level":"info","message":"","timestamp":"2016-01-08T21:09:05.600Z"}
{"level":"info","message":"connected as id 41","timestamp":"2016-01-08T21:09:05.614Z"}
{"level":"info","message":"listAll SQL:SELECT * FROM users","timestamp":"2016-01-08T21:09:05.615Z"}
{"level":"info","message":"connected as id 41","timestamp":"2016-01-08T21:09:10.085Z"}
{"project_name":"Biztalk Migration","prod_date":"2016-01-31","project_manager":"2","level":"info","message":"","timestamp":"2016-01-08T21:09:10.087Z"}
{"level":"info","message":"update SQL:UPDATE projects SET `project_name` = 'Biztalk Migration', `prod_date` = '2016-01-31', `project_manager` = '2' Where ID = '1'","timestamp":"2016-01-08T21:09:10.090Z"}
{"level":"info","message":"Changed 1 rows","timestamp":"2016-01-08T21:09:10.226Z"}
{"level":"info","message":"connected as id 41","timestamp":"2016-01-08T21:09:10.256Z"}
{"level":"info","message":"listAll SQL:SELECT * FROM projects","timestamp":"2016-01-08T21:09:10.257Z"}
{"level":"info","message":"connected as id 42","timestamp":"2016-01-08T21:09:10.273Z"}
{"level":"info","message":"listAll SQL:SELECT * FROM users","timestamp":"2016-01-08T21:09:10.274Z"}
{"level":"info","message":"connected as id 41","timestamp":"2016-01-08T21:09:40.899Z"}
{"level":"info","message":"listAll SQL:SELECT * FROM users","timestamp":"2016-01-08T21:09:40.902Z"}
{"level":"info","message":"connected as id 42","timestamp":"2016-01-08T21:09:46.776Z"}
{"level":"info","message":"listAll SQL:SELECT * FROM projects","timestamp":"2016-01-08T21:09:46.779Z"}
{"level":"info","message":"connected as id 41","timestamp":"2016-01-08T21:09:46.780Z"}
{"level":"info","message":"listAll SQL:SELECT * FROM users","timestamp":"2016-01-08T21:09:46.781Z"}
{"level":"info","message":"connected as id 42","timestamp":"2016-01-08T21:09:47.758Z"}
{"level":"info","message":"get SQL:SELECT * FROM projects WHERE id='1' LIMIT 1","timestamp":"2016-01-08T21:09:47.760Z"}
{"id":1,"project_name":"Biztalk Migration","prod_date":"2016-01-31","project_manager":2,"level":"info","message":"","timestamp":"2016-01-08T21:09:47.762Z"}
{"0":{"catalog":"def","db":"testdb","table":"projects","orgTable":"projects","name":"id","orgName":"id","charsetNr":63,"length":10,"type":3,"flags":16931,"decimals":0,"zeroFill":false,"protocol41":true},"1":{"catalog":"def","db":"testdb","table":"projects","orgTable":"projects","name":"project_name","orgName":"project_name","charsetNr":33,"length":150,"type":253,"flags":4097,"decimals":0,"zeroFill":false,"protocol41":true},"2":{"catalog":"def","db":"testdb","table":"projects","orgTable":"projects","name":"prod_date","orgName":"prod_date","charsetNr":63,"length":10,"type":10,"flags":4225,"decimals":0,"zeroFill":false,"protocol41":true},"3":{"catalog":"def","db":"testdb","table":"projects","orgTable":"projects","name":"project_manager","orgName":"project_manager","charsetNr":63,"length":10,"type":3,"flags":32,"decimals":0,"zeroFill":false,"protocol41":true},"level":"info","message":"","timestamp":"2016-01-08T21:09:47.764Z"}
{"level":"info","message":"connected as id 41","timestamp":"2016-01-08T21:09:47.782Z"}
{"level":"info","message":"listAll SQL:SELECT * FROM users","timestamp":"2016-01-08T21:09:47.783Z"}
{"level":"info","message":"initialize DAL & pool","timestamp":"2016-01-08T21:10:48.303Z"}
{"level":"info","message":"init generic DAL for \"users\" ","timestamp":"2016-01-08T21:10:48.309Z"}
{"level":"info","message":"init generic DAL for \"projects\" ","timestamp":"2016-01-08T21:10:48.310Z"}
{"level":"info","message":"connected as id 43","timestamp":"2016-01-08T21:11:00.872Z"}
{"level":"info","message":"listAll SQL:SELECT * FROM projects","timestamp":"2016-01-08T21:11:00.873Z"}
{"level":"info","message":"connected as id 44","timestamp":"2016-01-08T21:11:00.878Z"}
{"level":"info","message":"listAll SQL:SELECT * FROM users","timestamp":"2016-01-08T21:11:00.879Z"}
{"level":"info","message":"connected as id 43","timestamp":"2016-01-08T21:11:02.276Z"}
{"level":"info","message":"get SQL:SELECT * FROM projects WHERE id='1' LIMIT 1","timestamp":"2016-01-08T21:11:02.279Z"}
{"id":1,"project_name":"Biztalk Migration","prod_date":"2016-01-31","project_manager":2,"level":"info","message":"","timestamp":"2016-01-08T21:11:02.283Z"}
{"0":{"catalog":"def","db":"testdb","table":"projects","orgTable":"projects","name":"id","orgName":"id","charsetNr":63,"length":10,"type":3,"flags":16931,"decimals":0,"zeroFill":false,"protocol41":true},"1":{"catalog":"def","db":"testdb","table":"projects","orgTable":"projects","name":"project_name","orgName":"project_name","charsetNr":33,"length":150,"type":253,"flags":4097,"decimals":0,"zeroFill":false,"protocol41":true},"2":{"catalog":"def","db":"testdb","table":"projects","orgTable":"projects","name":"prod_date","orgName":"prod_date","charsetNr":63,"length":10,"type":10,"flags":4225,"decimals":0,"zeroFill":false,"protocol41":true},"3":{"catalog":"def","db":"testdb","table":"projects","orgTable":"projects","name":"project_manager","orgName":"project_manager","charsetNr":63,"length":10,"type":3,"flags":32,"decimals":0,"zeroFill":false,"protocol41":true},"level":"info","message":"","timestamp":"2016-01-08T21:11:02.285Z"}
{"level":"info","message":"connected as id 44","timestamp":"2016-01-08T21:11:02.318Z"}
{"level":"info","message":"listAll SQL:SELECT * FROM users","timestamp":"2016-01-08T21:11:02.319Z"}
{"level":"info","message":"connected as id 43","timestamp":"2016-01-08T21:11:04.951Z"}
{"level":"info","message":"get SQL:SELECT * FROM projects WHERE id='2' LIMIT 1","timestamp":"2016-01-08T21:11:04.952Z"}
{"id":2,"project_name":"Snow rel4","prod_date":"2016-03-31","project_manager":null,"level":"info","message":"","timestamp":"2016-01-08T21:11:04.957Z"}
{"0":{"catalog":"def","db":"testdb","table":"projects","orgTable":"projects","name":"id","orgName":"id","charsetNr":63,"length":10,"type":3,"flags":16931,"decimals":0,"zeroFill":false,"protocol41":true},"1":{"catalog":"def","db":"testdb","table":"projects","orgTable":"projects","name":"project_name","orgName":"project_name","charsetNr":33,"length":150,"type":253,"flags":4097,"decimals":0,"zeroFill":false,"protocol41":true},"2":{"catalog":"def","db":"testdb","table":"projects","orgTable":"projects","name":"prod_date","orgName":"prod_date","charsetNr":63,"length":10,"type":10,"flags":4225,"decimals":0,"zeroFill":false,"protocol41":true},"3":{"catalog":"def","db":"testdb","table":"projects","orgTable":"projects","name":"project_manager","orgName":"project_manager","charsetNr":63,"length":10,"type":3,"flags":32,"decimals":0,"zeroFill":false,"protocol41":true},"level":"info","message":"","timestamp":"2016-01-08T21:11:04.959Z"}
{"level":"info","message":"connected as id 44","timestamp":"2016-01-08T21:11:04.974Z"}
{"level":"info","message":"listAll SQL:SELECT * FROM users","timestamp":"2016-01-08T21:11:04.975Z"}
{"level":"info","message":"connected as id 43","timestamp":"2016-01-08T21:11:10.874Z"}
{"level":"info","message":"get SQL:SELECT * FROM projects WHERE id='1' LIMIT 1","timestamp":"2016-01-08T21:11:10.875Z"}
{"id":1,"project_name":"Biztalk Migration","prod_date":"2016-01-31","project_manager":2,"level":"info","message":"","timestamp":"2016-01-08T21:11:10.878Z"}
{"0":{"catalog":"def","db":"testdb","table":"projects","orgTable":"projects","name":"id","orgName":"id","charsetNr":63,"length":10,"type":3,"flags":16931,"decimals":0,"zeroFill":false,"protocol41":true},"1":{"catalog":"def","db":"testdb","table":"projects","orgTable":"projects","name":"project_name","orgName":"project_name","charsetNr":33,"length":150,"type":253,"flags":4097,"decimals":0,"zeroFill":false,"protocol41":true},"2":{"catalog":"def","db":"testdb","table":"projects","orgTable":"projects","name":"prod_date","orgName":"prod_date","charsetNr":63,"length":10,"type":10,"flags":4225,"decimals":0,"zeroFill":false,"protocol41":true},"3":{"catalog":"def","db":"testdb","table":"projects","orgTable":"projects","name":"project_manager","orgName":"project_manager","charsetNr":63,"length":10,"type":3,"flags":32,"decimals":0,"zeroFill":false,"protocol41":true},"level":"info","message":"","timestamp":"2016-01-08T21:11:10.879Z"}
{"level":"info","message":"connected as id 44","timestamp":"2016-01-08T21:11:10.895Z"}
{"level":"info","message":"listAll SQL:SELECT * FROM users","timestamp":"2016-01-08T21:11:10.896Z"}
{"level":"info","message":"connected as id 43","timestamp":"2016-01-08T21:11:12.991Z"}
{"level":"info","message":"listAll SQL:SELECT * FROM users","timestamp":"2016-01-08T21:11:12.994Z"}
{"level":"info","message":"connected as id 44","timestamp":"2016-01-08T21:14:22.954Z"}
{"level":"info","message":"listAll SQL:SELECT * FROM projects","timestamp":"2016-01-08T21:14:22.955Z"}
{"level":"info","message":"connected as id 43","timestamp":"2016-01-08T21:14:22.965Z"}
{"level":"info","message":"listAll SQL:SELECT * FROM users","timestamp":"2016-01-08T21:14:22.966Z"}
{"level":"info","message":"initialize DAL & pool","timestamp":"2016-01-09T10:57:59.800Z"}
{"level":"info","message":"init generic DAL for \"users\" ","timestamp":"2016-01-09T10:57:59.805Z"}
{"level":"info","message":"init generic DAL for \"projects\" ","timestamp":"2016-01-09T10:57:59.806Z"}
{"level":"info","message":"connected as id 37","timestamp":"2016-01-09T10:58:09.251Z"}
{"level":"info","message":"listAll SQL:SELECT * FROM users","timestamp":"2016-01-09T10:58:09.253Z"}
{"level":"info","message":"connected as id 37","timestamp":"2016-01-09T10:58:13.708Z"}
{"level":"info","message":"listAll SQL:SELECT * FROM projects","timestamp":"2016-01-09T10:58:13.710Z"}
{"level":"info","message":"connected as id 38","timestamp":"2016-01-09T10:58:13.720Z"}
{"level":"info","message":"listAll SQL:SELECT * FROM users","timestamp":"2016-01-09T10:58:13.723Z"}
{"level":"info","message":"connected as id 37","timestamp":"2016-01-09T10:58:15.471Z"}
{"level":"info","message":"listAll SQL:SELECT * FROM users","timestamp":"2016-01-09T10:58:15.473Z"}
{"level":"info","message":"connected as id 38","timestamp":"2016-01-09T10:58:16.585Z"}
{"level":"info","message":"listAll SQL:SELECT * FROM projects","timestamp":"2016-01-09T10:58:16.587Z"}
{"level":"info","message":"connected as id 37","timestamp":"2016-01-09T10:58:16.590Z"}
{"level":"info","message":"listAll SQL:SELECT * FROM users","timestamp":"2016-01-09T10:58:16.592Z"}
{"level":"info","message":"connected as id 38","timestamp":"2016-01-09T10:58:17.744Z"}
{"level":"info","message":"get SQL:SELECT * FROM projects WHERE id='1' LIMIT 1","timestamp":"2016-01-09T10:58:17.747Z"}
{"id":1,"project_name":"Biztalk Migration","prod_date":"2016-01-31","project_manager":2,"level":"info","message":"","timestamp":"2016-01-09T10:58:17.752Z"}
{"0":{"catalog":"def","db":"testdb","table":"projects","orgTable":"projects","name":"id","orgName":"id","charsetNr":63,"length":10,"type":3,"flags":16931,"decimals":0,"zeroFill":false,"protocol41":true},"1":{"catalog":"def","db":"testdb","table":"projects","orgTable":"projects","name":"project_name","orgName":"project_name","charsetNr":33,"length":150,"type":253,"flags":4097,"decimals":0,"zeroFill":false,"protocol41":true},"2":{"catalog":"def","db":"testdb","table":"projects","orgTable":"projects","name":"prod_date","orgName":"prod_date","charsetNr":63,"length":10,"type":10,"flags":4225,"decimals":0,"zeroFill":false,"protocol41":true},"3":{"catalog":"def","db":"testdb","table":"projects","orgTable":"projects","name":"project_manager","orgName":"project_manager","charsetNr":63,"length":10,"type":3,"flags":32,"decimals":0,"zeroFill":false,"protocol41":true},"level":"info","message":"","timestamp":"2016-01-09T10:58:17.754Z"}
{"level":"info","message":"connected as id 37","timestamp":"2016-01-09T10:58:17.780Z"}
{"level":"info","message":"listAll SQL:SELECT * FROM users","timestamp":"2016-01-09T10:58:17.781Z"}
{"level":"info","message":"connected as id 38","timestamp":"2016-01-09T10:58:21.202Z"}
{"level":"info","message":"get SQL:SELECT * FROM projects WHERE id='2' LIMIT 1","timestamp":"2016-01-09T10:58:21.204Z"}
{"id":2,"project_name":"Snow rel4","prod_date":"2016-03-31","project_manager":null,"level":"info","message":"","timestamp":"2016-01-09T10:58:21.208Z"}
{"0":{"catalog":"def","db":"testdb","table":"projects","orgTable":"projects","name":"id","orgName":"id","charsetNr":63,"length":10,"type":3,"flags":16931,"decimals":0,"zeroFill":false,"protocol41":true},"1":{"catalog":"def","db":"testdb","table":"projects","orgTable":"projects","name":"project_name","orgName":"project_name","charsetNr":33,"length":150,"type":253,"flags":4097,"decimals":0,"zeroFill":false,"protocol41":true},"2":{"catalog":"def","db":"testdb","table":"projects","orgTable":"projects","name":"prod_date","orgName":"prod_date","charsetNr":63,"length":10,"type":10,"flags":4225,"decimals":0,"zeroFill":false,"protocol41":true},"3":{"catalog":"def","db":"testdb","table":"projects","orgTable":"projects","name":"project_manager","orgName":"project_manager","charsetNr":63,"length":10,"type":3,"flags":32,"decimals":0,"zeroFill":false,"protocol41":true},"level":"info","message":"","timestamp":"2016-01-09T10:58:21.210Z"}
{"level":"info","message":"connected as id 37","timestamp":"2016-01-09T10:58:21.226Z"}
{"level":"info","message":"listAll SQL:SELECT * FROM users","timestamp":"2016-01-09T10:58:21.231Z"}
{"level":"info","message":"connected as id 38","timestamp":"2016-01-09T10:58:23.601Z"}
{"level":"info","message":"listAll SQL:SELECT * FROM users","timestamp":"2016-01-09T10:58:23.602Z"}
{"level":"info","message":"connected as id 37","timestamp":"2016-01-09T11:51:06.780Z"}
{"level":"info","message":"listAll SQL:SELECT * FROM projects","timestamp":"2016-01-09T11:51:06.782Z"}
{"level":"info","message":"connected as id 38","timestamp":"2016-01-09T11:52:16.387Z"}
{"level":"info","message":"listAll SQL:SELECT * FROM projects","timestamp":"2016-01-09T11:52:16.389Z"}
{"level":"info","message":"connected as id 37","timestamp":"2016-01-09T11:53:56.763Z"}
{"level":"info","message":"listAll SQL:SELECT * FROM projects","timestamp":"2016-01-09T11:53:56.764Z"}
{"level":"info","message":"connected as id 38","timestamp":"2016-01-09T12:02:20.717Z"}
{"level":"info","message":"listAll SQL:SELECT * FROM projects","timestamp":"2016-01-09T12:02:20.719Z"}
{"level":"info","message":"connected as id 37","timestamp":"2016-01-09T12:03:24.832Z"}
{"level":"info","message":"listAll SQL:SELECT * FROM projects","timestamp":"2016-01-09T12:03:24.833Z"}
{"level":"info","message":"connected as id 38","timestamp":"2016-01-09T12:04:02.285Z"}
{"level":"info","message":"listAll SQL:SELECT * FROM projects","timestamp":"2016-01-09T12:04:02.286Z"}
{"level":"info","message":"connected as id 37","timestamp":"2016-01-09T12:04:40.783Z"}
{"level":"info","message":"listAll SQL:SELECT * FROM projects","timestamp":"2016-01-09T12:04:40.785Z"}
{"level":"info","message":"connected as id 38","timestamp":"2016-01-09T12:04:47.907Z"}
{"level":"info","message":"listAll SQL:SELECT * FROM projects","timestamp":"2016-01-09T12:04:47.909Z"}
{"level":"info","message":"connected as id 37","timestamp":"2016-01-09T12:05:05.633Z"}
{"level":"info","message":"listAll SQL:SELECT * FROM projects","timestamp":"2016-01-09T12:05:05.634Z"}
{"level":"info","message":"connected as id 38","timestamp":"2016-01-09T12:05:49.719Z"}
{"level":"info","message":"listAll SQL:SELECT * FROM projects","timestamp":"2016-01-09T12:05:49.720Z"}
{"level":"info","message":"connected as id 37","timestamp":"2016-01-09T12:08:31.551Z"}
{"level":"info","message":"listAll SQL:SELECT * FROM projects","timestamp":"2016-01-09T12:08:31.553Z"}
{"level":"info","message":"connected as id 38","timestamp":"2016-01-09T12:08:39.760Z"}
{"level":"info","message":"get SQL:SELECT * FROM users WHERE id='2' LIMIT 1","timestamp":"2016-01-09T12:08:39.761Z"}
{"level":"info","message":"connected as id 37","timestamp":"2016-01-09T12:08:49.019Z"}
{"level":"info","message":"listAll SQL:SELECT * FROM projects","timestamp":"2016-01-09T12:08:49.020Z"}
{"level":"info","message":"connected as id 38","timestamp":"2016-01-09T12:09:31.767Z"}
{"level":"info","message":"get SQL:SELECT * FROM users WHERE id='2' LIMIT 1","timestamp":"2016-01-09T12:09:31.768Z"}
{"level":"info","message":"connected as id 37","timestamp":"2016-01-09T12:10:39.883Z"}
{"level":"info","message":"listAll SQL:SELECT * FROM projects","timestamp":"2016-01-09T12:10:39.885Z"}
{"level":"info","message":"connected as id 38","timestamp":"2016-01-09T12:10:56.811Z"}
{"level":"info","message":"get SQL:SELECT * FROM users WHERE id='2' LIMIT 1","timestamp":"2016-01-09T12:10:56.812Z"}
{"level":"info","message":"connected as id 37","timestamp":"2016-01-09T12:11:51.268Z"}
{"level":"info","message":"get SQL:SELECT * FROM projects WHERE id='1' LIMIT 1","timestamp":"2016-01-09T12:11:51.268Z"}
{"id":1,"project_name":"Biztalk Migration","prod_date":"2016-01-31","project_manager":2,"level":"info","message":"","timestamp":"2016-01-09T12:11:51.272Z"}
{"0":{"catalog":"def","db":"testdb","table":"projects","orgTable":"projects","name":"id","orgName":"id","charsetNr":63,"length":10,"type":3,"flags":16931,"decimals":0,"zeroFill":false,"protocol41":true},"1":{"catalog":"def","db":"testdb","table":"projects","orgTable":"projects","name":"project_name","orgName":"project_name","charsetNr":33,"length":150,"type":253,"flags":4097,"decimals":0,"zeroFill":false,"protocol41":true},"2":{"catalog":"def","db":"testdb","table":"projects","orgTable":"projects","name":"prod_date","orgName":"prod_date","charsetNr":63,"length":10,"type":10,"flags":4225,"decimals":0,"zeroFill":false,"protocol41":true},"3":{"catalog":"def","db":"testdb","table":"projects","orgTable":"projects","name":"project_manager","orgName":"project_manager","charsetNr":63,"length":10,"type":3,"flags":32,"decimals":0,"zeroFill":false,"protocol41":true},"level":"info","message":"","timestamp":"2016-01-09T12:11:51.273Z"}
{"level":"info","message":"connected as id 38","timestamp":"2016-01-09T12:11:51.640Z"}
{"level":"info","message":"listAll SQL:SELECT * FROM users","timestamp":"2016-01-09T12:11:51.642Z"}
{"level":"info","message":"connected as id 37","timestamp":"2016-01-09T12:12:08.522Z"}
{"level":"info","message":"get SQL:SELECT * FROM projects WHERE id='1' LIMIT 1","timestamp":"2016-01-09T12:12:08.523Z"}
{"id":1,"project_name":"Biztalk Migration","prod_date":"2016-01-31","project_manager":2,"level":"info","message":"","timestamp":"2016-01-09T12:12:08.524Z"}
{"0":{"catalog":"def","db":"testdb","table":"projects","orgTable":"projects","name":"id","orgName":"id","charsetNr":63,"length":10,"type":3,"flags":16931,"decimals":0,"zeroFill":false,"protocol41":true},"1":{"catalog":"def","db":"testdb","table":"projects","orgTable":"projects","name":"project_name","orgName":"project_name","charsetNr":33,"length":150,"type":253,"flags":4097,"decimals":0,"zeroFill":false,"protocol41":true},"2":{"catalog":"def","db":"testdb","table":"projects","orgTable":"projects","name":"prod_date","orgName":"prod_date","charsetNr":63,"length":10,"type":10,"flags":4225,"decimals":0,"zeroFill":false,"protocol41":true},"3":{"catalog":"def","db":"testdb","table":"projects","orgTable":"projects","name":"project_manager","orgName":"project_manager","charsetNr":63,"length":10,"type":3,"flags":32,"decimals":0,"zeroFill":false,"protocol41":true},"level":"info","message":"","timestamp":"2016-01-09T12:12:08.526Z"}
{"level":"info","message":"connected as id 38","timestamp":"2016-01-09T12:12:08.540Z"}
{"level":"info","message":"listAll SQL:SELECT * FROM users","timestamp":"2016-01-09T12:12:08.541Z"}
{"level":"info","message":"connected as id 37","timestamp":"2016-01-09T12:12:10.723Z"}
{"level":"info","message":"get SQL:SELECT * FROM projects WHERE id='2' LIMIT 1","timestamp":"2016-01-09T12:12:10.724Z"}
{"id":2,"project_name":"Snow rel4","prod_date":"2016-03-31","project_manager":null,"level":"info","message":"","timestamp":"2016-01-09T12:12:10.726Z"}
{"0":{"catalog":"def","db":"testdb","table":"projects","orgTable":"projects","name":"id","orgName":"id","charsetNr":63,"length":10,"type":3,"flags":16931,"decimals":0,"zeroFill":false,"protocol41":true},"1":{"catalog":"def","db":"testdb","table":"projects","orgTable":"projects","name":"project_name","orgName":"project_name","charsetNr":33,"length":150,"type":253,"flags":4097,"decimals":0,"zeroFill":false,"protocol41":true},"2":{"catalog":"def","db":"testdb","table":"projects","orgTable":"projects","name":"prod_date","orgName":"prod_date","charsetNr":63,"length":10,"type":10,"flags":4225,"decimals":0,"zeroFill":false,"protocol41":true},"3":{"catalog":"def","db":"testdb","table":"projects","orgTable":"projects","name":"project_manager","orgName":"project_manager","charsetNr":63,"length":10,"type":3,"flags":32,"decimals":0,"zeroFill":false,"protocol41":true},"level":"info","message":"","timestamp":"2016-01-09T12:12:10.727Z"}
{"level":"info","message":"connected as id 38","timestamp":"2016-01-09T12:12:10.742Z"}
{"level":"info","message":"listAll SQL:SELECT * FROM users","timestamp":"2016-01-09T12:12:10.743Z"}
{"level":"info","message":"connected as id 37","timestamp":"2016-01-09T12:12:52.993Z"}
{"level":"info","message":"listAll SQL:SELECT * FROM projects","timestamp":"2016-01-09T12:12:52.995Z"}
{"level":"info","message":"connected as id 38","timestamp":"2016-01-09T12:12:53.017Z"}
{"level":"info","message":"get SQL:SELECT * FROM users WHERE id='2' LIMIT 1","timestamp":"2016-01-09T12:12:53.018Z"}
{"level":"info","message":"connected as id 37","timestamp":"2016-01-09T12:13:00.750Z"}
{"level":"info","message":"listAll SQL:SELECT * FROM projects","timestamp":"2016-01-09T12:13:00.751Z"}
{"level":"info","message":"connected as id 38","timestamp":"2016-01-09T12:13:00.770Z"}
{"level":"info","message":"get SQL:SELECT * FROM users WHERE id='2' LIMIT 1","timestamp":"2016-01-09T12:13:00.772Z"}
{"level":"info","message":"connected as id 37","timestamp":"2016-01-09T12:13:22.930Z"}
{"level":"info","message":"listAll SQL:SELECT * FROM projects","timestamp":"2016-01-09T12:13:22.932Z"}
{"level":"info","message":"connected as id 38","timestamp":"2016-01-09T12:13:22.950Z"}
{"level":"info","message":"get SQL:SELECT * FROM users WHERE id='2' LIMIT 1","timestamp":"2016-01-09T12:13:22.950Z"}
{"level":"info","message":"connected as id 37","timestamp":"2016-01-09T12:15:25.972Z"}
{"level":"info","message":"listAll SQL:SELECT * FROM projects","timestamp":"2016-01-09T12:15:25.973Z"}
{"level":"info","message":"connected as id 38","timestamp":"2016-01-09T12:15:25.990Z"}
{"level":"info","message":"get SQL:SELECT * FROM users WHERE id='2' LIMIT 1","timestamp":"2016-01-09T12:15:25.991Z"}
{"level":"info","message":"connected as id 37","timestamp":"2016-01-09T12:15:32.257Z"}
{"level":"info","message":"listAll SQL:SELECT * FROM projects","timestamp":"2016-01-09T12:15:32.259Z"}
{"level":"info","message":"connected as id 38","timestamp":"2016-01-09T12:15:32.273Z"}
{"level":"info","message":"get SQL:SELECT * FROM users WHERE id='2' LIMIT 1","timestamp":"2016-01-09T12:15:32.274Z"}
{"level":"info","message":"connected as id 37","timestamp":"2016-01-09T12:15:44.779Z"}
{"level":"info","message":"listAll SQL:SELECT * FROM users","timestamp":"2016-01-09T12:15:44.781Z"}
{"level":"info","message":"connected as id 38","timestamp":"2016-01-09T12:15:45.665Z"}
{"level":"info","message":"listAll SQL:SELECT * FROM projects","timestamp":"2016-01-09T12:15:45.666Z"}
{"level":"info","message":"connected as id 37","timestamp":"2016-01-09T12:15:45.684Z"}
{"level":"info","message":"get SQL:SELECT * FROM users WHERE id='2' LIMIT 1","timestamp":"2016-01-09T12:15:45.685Z"}
{"level":"info","message":"connected as id 38","timestamp":"2016-01-09T12:18:02.497Z"}
{"level":"info","message":"get SQL:SELECT * FROM projects WHERE id='1' LIMIT 1","timestamp":"2016-01-09T12:18:02.498Z"}
{"id":1,"project_name":"Biztalk Migration","prod_date":"2016-01-31","project_manager":2,"level":"info","message":"","timestamp":"2016-01-09T12:18:02.500Z"}
{"0":{"catalog":"def","db":"testdb","table":"projects","orgTable":"projects","name":"id","orgName":"id","charsetNr":63,"length":10,"type":3,"flags":16931,"decimals":0,"zeroFill":false,"protocol41":true},"1":{"catalog":"def","db":"testdb","table":"projects","orgTable":"projects","name":"project_name","orgName":"project_name","charsetNr":33,"length":150,"type":253,"flags":4097,"decimals":0,"zeroFill":false,"protocol41":true},"2":{"catalog":"def","db":"testdb","table":"projects","orgTable":"projects","name":"prod_date","orgName":"prod_date","charsetNr":63,"length":10,"type":10,"flags":4225,"decimals":0,"zeroFill":false,"protocol41":true},"3":{"catalog":"def","db":"testdb","table":"projects","orgTable":"projects","name":"project_manager","orgName":"project_manager","charsetNr":63,"length":10,"type":3,"flags":32,"decimals":0,"zeroFill":false,"protocol41":true},"level":"info","message":"","timestamp":"2016-01-09T12:18:02.502Z"}
{"level":"info","message":"connected as id 37","timestamp":"2016-01-09T12:18:23.401Z"}
{"level":"info","message":"listAll SQL:SELECT * FROM users","timestamp":"2016-01-09T12:18:23.402Z"}
{"level":"info","message":"connected as id 38","timestamp":"2016-01-09T12:18:38.243Z"}
{"level":"info","message":"listAll SQL:SELECT * FROM projects","timestamp":"2016-01-09T12:18:38.244Z"}
{"level":"info","message":"connected as id 37","timestamp":"2016-01-09T12:18:38.264Z"}
{"level":"info","message":"get SQL:SELECT * FROM users WHERE id='2' LIMIT 1","timestamp":"2016-01-09T12:18:38.267Z"}
{"level":"info","message":"connected as id 38","timestamp":"2016-01-09T12:18:44.320Z"}
{"level":"info","message":"get SQL:SELECT * FROM projects WHERE id='1' LIMIT 1","timestamp":"2016-01-09T12:18:44.321Z"}
{"id":1,"project_name":"Biztalk Migration","prod_date":"2016-01-31","project_manager":2,"level":"info","message":"","timestamp":"2016-01-09T12:18:44.326Z"}
{"0":{"catalog":"def","db":"testdb","table":"projects","orgTable":"projects","name":"id","orgName":"id","charsetNr":63,"length":10,"type":3,"flags":16931,"decimals":0,"zeroFill":false,"protocol41":true},"1":{"catalog":"def","db":"testdb","table":"projects","orgTable":"projects","name":"project_name","orgName":"project_name","charsetNr":33,"length":150,"type":253,"flags":4097,"decimals":0,"zeroFill":false,"protocol41":true},"2":{"catalog":"def","db":"testdb","table":"projects","orgTable":"projects","name":"prod_date","orgName":"prod_date","charsetNr":63,"length":10,"type":10,"flags":4225,"decimals":0,"zeroFill":false,"protocol41":true},"3":{"catalog":"def","db":"testdb","table":"projects","orgTable":"projects","name":"project_manager","orgName":"project_manager","charsetNr":63,"length":10,"type":3,"flags":32,"decimals":0,"zeroFill":false,"protocol41":true},"level":"info","message":"","timestamp":"2016-01-09T12:18:44.328Z"}
{"level":"info","message":"connected as id 37","timestamp":"2016-01-09T12:19:21.116Z"}
{"level":"info","message":"listAll SQL:SELECT * FROM users","timestamp":"2016-01-09T12:19:21.117Z"}
{"level":"info","message":"connected as id 38","timestamp":"2016-01-09T12:21:46.950Z"}
{"level":"info","message":"listAll SQL:SELECT * FROM projects","timestamp":"2016-01-09T12:21:46.951Z"}
{"level":"info","message":"connected as id 37","timestamp":"2016-01-09T12:21:46.970Z"}
{"level":"info","message":"get SQL:SELECT * FROM users WHERE id='2' LIMIT 1","timestamp":"2016-01-09T12:21:46.971Z"}
{"level":"info","message":"connected as id 38","timestamp":"2016-01-09T12:21:48.493Z"}
{"level":"info","message":"get SQL:SELECT * FROM projects WHERE id='1' LIMIT 1","timestamp":"2016-01-09T12:21:48.494Z"}
{"id":1,"project_name":"Biztalk Migration","prod_date":"2016-01-31","project_manager":2,"level":"info","message":"","timestamp":"2016-01-09T12:21:48.496Z"}
{"0":{"catalog":"def","db":"testdb","table":"projects","orgTable":"projects","name":"id","orgName":"id","charsetNr":63,"length":10,"type":3,"flags":16931,"decimals":0,"zeroFill":false,"protocol41":true},"1":{"catalog":"def","db":"testdb","table":"projects","orgTable":"projects","name":"project_name","orgName":"project_name","charsetNr":33,"length":150,"type":253,"flags":4097,"decimals":0,"zeroFill":false,"protocol41":true},"2":{"catalog":"def","db":"testdb","table":"projects","orgTable":"projects","name":"prod_date","orgName":"prod_date","charsetNr":63,"length":10,"type":10,"flags":4225,"decimals":0,"zeroFill":false,"protocol41":true},"3":{"catalog":"def","db":"testdb","table":"projects","orgTable":"projects","name":"project_manager","orgName":"project_manager","charsetNr":63,"length":10,"type":3,"flags":32,"decimals":0,"zeroFill":false,"protocol41":true},"level":"info","message":"","timestamp":"2016-01-09T12:21:48.497Z"}
{"level":"info","message":"connected as id 37","timestamp":"2016-01-09T12:21:48.522Z"}
{"level":"info","message":"listAll SQL:SELECT * FROM users","timestamp":"2016-01-09T12:21:48.524Z"}
{"level":"info","message":"connected as id 38","timestamp":"2016-01-09T12:24:46.757Z"}
{"level":"info","message":"listAll SQL:SELECT * FROM projects","timestamp":"2016-01-09T12:24:46.761Z"}
{"level":"info","message":"connected as id 37","timestamp":"2016-01-09T12:24:46.778Z"}
{"level":"info","message":"get SQL:SELECT * FROM users WHERE id='2' LIMIT 1","timestamp":"2016-01-09T12:24:46.779Z"}
{"level":"info","message":"connected as id 38","timestamp":"2016-01-09T12:24:48.161Z"}
{"level":"info","message":"get SQL:SELECT * FROM projects WHERE id='1' LIMIT 1","timestamp":"2016-01-09T12:24:48.163Z"}
{"id":1,"project_name":"Biztalk Migration","prod_date":"2016-01-31","project_manager":2,"level":"info","message":"","timestamp":"2016-01-09T12:24:48.165Z"}
{"0":{"catalog":"def","db":"testdb","table":"projects","orgTable":"projects","name":"id","orgName":"id","charsetNr":63,"length":10,"type":3,"flags":16931,"decimals":0,"zeroFill":false,"protocol41":true},"1":{"catalog":"def","db":"testdb","table":"projects","orgTable":"projects","name":"project_name","orgName":"project_name","charsetNr":33,"length":150,"type":253,"flags":4097,"decimals":0,"zeroFill":false,"protocol41":true},"2":{"catalog":"def","db":"testdb","table":"projects","orgTable":"projects","name":"prod_date","orgName":"prod_date","charsetNr":63,"length":10,"type":10,"flags":4225,"decimals":0,"zeroFill":false,"protocol41":true},"3":{"catalog":"def","db":"testdb","table":"projects","orgTable":"projects","name":"project_manager","orgName":"project_manager","charsetNr":63,"length":10,"type":3,"flags":32,"decimals":0,"zeroFill":false,"protocol41":true},"level":"info","message":"","timestamp":"2016-01-09T12:24:48.166Z"}
{"level":"info","message":"connected as id 37","timestamp":"2016-01-09T12:24:48.210Z"}
{"level":"info","message":"listAll SQL:SELECT * FROM users","timestamp":"2016-01-09T12:24:48.211Z"}
{"level":"info","message":"connected as id 38","timestamp":"2016-01-09T12:25:01.261Z"}
{"level":"info","message":"listAll SQL:SELECT * FROM projects","timestamp":"2016-01-09T12:25:01.262Z"}
{"level":"info","message":"connected as id 37","timestamp":"2016-01-09T12:25:09.179Z"}
{"level":"info","message":"get SQL:SELECT * FROM users WHERE id='2' LIMIT 1","timestamp":"2016-01-09T12:25:09.180Z"}
{"level":"info","message":"connected as id 38","timestamp":"2016-01-09T12:25:12.564Z"}
{"level":"info","message":"get SQL:SELECT * FROM projects WHERE id='1' LIMIT 1","timestamp":"2016-01-09T12:25:12.565Z"}
{"id":1,"project_name":"Biztalk Migration","prod_date":"2016-01-31","project_manager":2,"level":"info","message":"","timestamp":"2016-01-09T12:25:12.567Z"}
{"0":{"catalog":"def","db":"testdb","table":"projects","orgTable":"projects","name":"id","orgName":"id","charsetNr":63,"length":10,"type":3,"flags":16931,"decimals":0,"zeroFill":false,"protocol41":true},"1":{"catalog":"def","db":"testdb","table":"projects","orgTable":"projects","name":"project_name","orgName":"project_name","charsetNr":33,"length":150,"type":253,"flags":4097,"decimals":0,"zeroFill":false,"protocol41":true},"2":{"catalog":"def","db":"testdb","table":"projects","orgTable":"projects","name":"prod_date","orgName":"prod_date","charsetNr":63,"length":10,"type":10,"flags":4225,"decimals":0,"zeroFill":false,"protocol41":true},"3":{"catalog":"def","db":"testdb","table":"projects","orgTable":"projects","name":"project_manager","orgName":"project_manager","charsetNr":63,"length":10,"type":3,"flags":32,"decimals":0,"zeroFill":false,"protocol41":true},"level":"info","message":"","timestamp":"2016-01-09T12:25:12.568Z"}
{"level":"info","message":"connected as id 37","timestamp":"2016-01-09T12:25:57.668Z"}
{"level":"info","message":"listAll SQL:SELECT * FROM users","timestamp":"2016-01-09T12:25:57.669Z"}
{"level":"info","message":"connected as id 38","timestamp":"2016-01-09T12:27:26.256Z"}
{"level":"info","message":"listAll SQL:SELECT * FROM projects","timestamp":"2016-01-09T12:27:26.258Z"}
{"level":"info","message":"connected as id 37","timestamp":"2016-01-09T12:27:29.493Z"}
{"level":"info","message":"get SQL:SELECT * FROM users WHERE id='2' LIMIT 1","timestamp":"2016-01-09T12:27:29.494Z"}
{"level":"info","message":"connected as id 38","timestamp":"2016-01-09T12:28:12.119Z"}
{"level":"info","message":"listAll SQL:SELECT * FROM projects","timestamp":"2016-01-09T12:28:12.120Z"}
{"level":"info","message":"connected as id 37","timestamp":"2016-01-09T12:28:31.037Z"}
{"level":"info","message":"get SQL:SELECT * FROM users WHERE id='2' LIMIT 1","timestamp":"2016-01-09T12:28:31.038Z"}
{"level":"info","message":"connected as id 38","timestamp":"2016-01-09T12:29:29.518Z"}
{"level":"info","message":"get SQL:SELECT * FROM projects WHERE id='1' LIMIT 1","timestamp":"2016-01-09T12:29:29.520Z"}
{"id":1,"project_name":"Biztalk Migration","prod_date":"2016-01-31","project_manager":2,"level":"info","message":"","timestamp":"2016-01-09T12:29:29.521Z"}
{"0":{"catalog":"def","db":"testdb","table":"projects","orgTable":"projects","name":"id","orgName":"id","charsetNr":63,"length":10,"type":3,"flags":16931,"decimals":0,"zeroFill":false,"protocol41":true},"1":{"catalog":"def","db":"testdb","table":"projects","orgTable":"projects","name":"project_name","orgName":"project_name","charsetNr":33,"length":150,"type":253,"flags":4097,"decimals":0,"zeroFill":false,"protocol41":true},"2":{"catalog":"def","db":"testdb","table":"projects","orgTable":"projects","name":"prod_date","orgName":"prod_date","charsetNr":63,"length":10,"type":10,"flags":4225,"decimals":0,"zeroFill":false,"protocol41":true},"3":{"catalog":"def","db":"testdb","table":"projects","orgTable":"projects","name":"project_manager","orgName":"project_manager","charsetNr":63,"length":10,"type":3,"flags":32,"decimals":0,"zeroFill":false,"protocol41":true},"level":"info","message":"","timestamp":"2016-01-09T12:29:29.523Z"}
{"level":"info","message":"connected as id 37","timestamp":"2016-01-09T12:30:28.667Z"}
{"level":"info","message":"listAll SQL:SELECT * FROM users","timestamp":"2016-01-09T12:30:28.668Z"}
{"level":"info","message":"connected as id 38","timestamp":"2016-01-09T12:35:50.115Z"}
{"level":"info","message":"listAll SQL:SELECT * FROM projects","timestamp":"2016-01-09T12:35:50.116Z"}
{"level":"info","message":"connected as id 37","timestamp":"2016-01-09T12:35:52.648Z"}
{"level":"info","message":"get SQL:SELECT * FROM users WHERE id='2' LIMIT 1","timestamp":"2016-01-09T12:35:52.650Z"}
{"level":"info","message":"connected as id 38","timestamp":"2016-01-09T12:35:54.613Z"}
{"level":"info","message":"get SQL:SELECT * FROM projects WHERE id='1' LIMIT 1","timestamp":"2016-01-09T12:35:54.614Z"}
{"id":1,"project_name":"Biztalk Migration","prod_date":"2016-01-31","project_manager":2,"level":"info","message":"","timestamp":"2016-01-09T12:35:54.616Z"}
{"0":{"catalog":"def","db":"testdb","table":"projects","orgTable":"projects","name":"id","orgName":"id","charsetNr":63,"length":10,"type":3,"flags":16931,"decimals":0,"zeroFill":false,"protocol41":true},"1":{"catalog":"def","db":"testdb","table":"projects","orgTable":"projects","name":"project_name","orgName":"project_name","charsetNr":33,"length":150,"type":253,"flags":4097,"decimals":0,"zeroFill":false,"protocol41":true},"2":{"catalog":"def","db":"testdb","table":"projects","orgTable":"projects","name":"prod_date","orgName":"prod_date","charsetNr":63,"length":10,"type":10,"flags":4225,"decimals":0,"zeroFill":false,"protocol41":true},"3":{"catalog":"def","db":"testdb","table":"projects","orgTable":"projects","name":"project_manager","orgName":"project_manager","charsetNr":63,"length":10,"type":3,"flags":32,"decimals":0,"zeroFill":false,"protocol41":true},"level":"info","message":"","timestamp":"2016-01-09T12:35:54.618Z"}
{"level":"info","message":"connected as id 37","timestamp":"2016-01-09T12:35:54.644Z"}
{"level":"info","message":"listAll SQL:SELECT * FROM users","timestamp":"2016-01-09T12:35:54.646Z"}
{"level":"info","message":"connected as id 38","timestamp":"2016-01-09T12:36:04.945Z"}
{"level":"info","message":"listAll SQL:SELECT * FROM projects","timestamp":"2016-01-09T12:36:04.946Z"}
{"level":"info","message":"connected as id 37","timestamp":"2016-01-09T12:36:04.967Z"}
{"level":"info","message":"get SQL:SELECT * FROM users WHERE id='2' LIMIT 1","timestamp":"2016-01-09T12:36:04.969Z"}
{"level":"info","message":"connected as id 38","timestamp":"2016-01-09T12:36:09.454Z"}
{"level":"info","message":"get SQL:SELECT * FROM projects WHERE id='1' LIMIT 1","timestamp":"2016-01-09T12:36:09.455Z"}
{"id":1,"project_name":"Biztalk Migration","prod_date":"2016-01-31","project_manager":2,"level":"info","message":"","timestamp":"2016-01-09T12:36:09.457Z"}
{"0":{"catalog":"def","db":"testdb","table":"projects","orgTable":"projects","name":"id","orgName":"id","charsetNr":63,"length":10,"type":3,"flags":16931,"decimals":0,"zeroFill":false,"protocol41":true},"1":{"catalog":"def","db":"testdb","table":"projects","orgTable":"projects","name":"project_name","orgName":"project_name","charsetNr":33,"length":150,"type":253,"flags":4097,"decimals":0,"zeroFill":false,"protocol41":true},"2":{"catalog":"def","db":"testdb","table":"projects","orgTable":"projects","name":"prod_date","orgName":"prod_date","charsetNr":63,"length":10,"type":10,"flags":4225,"decimals":0,"zeroFill":false,"protocol41":true},"3":{"catalog":"def","db":"testdb","table":"projects","orgTable":"projects","name":"project_manager","orgName":"project_manager","charsetNr":63,"length":10,"type":3,"flags":32,"decimals":0,"zeroFill":false,"protocol41":true},"level":"info","message":"","timestamp":"2016-01-09T12:36:09.458Z"}
{"level":"info","message":"connected as id 37","timestamp":"2016-01-09T12:36:09.483Z"}
{"level":"info","message":"listAll SQL:SELECT * FROM users","timestamp":"2016-01-09T12:36:09.484Z"}
{"level":"info","message":"connected as id 38","timestamp":"2016-01-09T12:37:55.882Z"}
{"level":"info","message":"get SQL:SELECT * FROM projects WHERE id='1' LIMIT 1","timestamp":"2016-01-09T12:37:55.883Z"}
{"id":1,"project_name":"Biztalk Migration","prod_date":"2016-01-31","project_manager":2,"level":"info","message":"","timestamp":"2016-01-09T12:37:55.886Z"}
{"0":{"catalog":"def","db":"testdb","table":"projects","orgTable":"projects","name":"id","orgName":"id","charsetNr":63,"length":10,"type":3,"flags":16931,"decimals":0,"zeroFill":false,"protocol41":true},"1":{"catalog":"def","db":"testdb","table":"projects","orgTable":"projects","name":"project_name","orgName":"project_name","charsetNr":33,"length":150,"type":253,"flags":4097,"decimals":0,"zeroFill":false,"protocol41":true},"2":{"catalog":"def","db":"testdb","table":"projects","orgTable":"projects","name":"prod_date","orgName":"prod_date","charsetNr":63,"length":10,"type":10,"flags":4225,"decimals":0,"zeroFill":false,"protocol41":true},"3":{"catalog":"def","db":"testdb","table":"projects","orgTable":"projects","name":"project_manager","orgName":"project_manager","charsetNr":63,"length":10,"type":3,"flags":32,"decimals":0,"zeroFill":false,"protocol41":true},"level":"info","message":"","timestamp":"2016-01-09T12:37:55.888Z"}
{"level":"info","message":"connected as id 37","timestamp":"2016-01-09T12:37:55.903Z"}
{"level":"info","message":"listAll SQL:SELECT * FROM users","timestamp":"2016-01-09T12:37:55.904Z"}
{"level":"info","message":"connected as id 38","timestamp":"2016-01-09T12:39:47.532Z"}
{"level":"info","message":"listAll SQL:SELECT * FROM projects","timestamp":"2016-01-09T12:39:47.534Z"}
{"level":"info","message":"connected as id 37","timestamp":"2016-01-09T12:39:47.553Z"}
{"level":"info","message":"get SQL:SELECT * FROM users WHERE id='2' LIMIT 1","timestamp":"2016-01-09T12:39:47.554Z"}
{"level":"info","message":"connected as id 38","timestamp":"2016-01-09T12:39:48.965Z"}
{"level":"info","message":"get SQL:SELECT * FROM projects WHERE id='1' LIMIT 1","timestamp":"2016-01-09T12:39:48.967Z"}
{"id":1,"project_name":"Biztalk Migration","prod_date":"2016-01-31","project_manager":2,"level":"info","message":"","timestamp":"2016-01-09T12:39:48.969Z"}
{"0":{"catalog":"def","db":"testdb","table":"projects","orgTable":"projects","name":"id","orgName":"id","charsetNr":63,"length":10,"type":3,"flags":16931,"decimals":0,"zeroFill":false,"protocol41":true},"1":{"catalog":"def","db":"testdb","table":"projects","orgTable":"projects","name":"project_name","orgName":"project_name","charsetNr":33,"length":150,"type":253,"flags":4097,"decimals":0,"zeroFill":false,"protocol41":true},"2":{"catalog":"def","db":"testdb","table":"projects","orgTable":"projects","name":"prod_date","orgName":"prod_date","charsetNr":63,"length":10,"type":10,"flags":4225,"decimals":0,"zeroFill":false,"protocol41":true},"3":{"catalog":"def","db":"testdb","table":"projects","orgTable":"projects","name":"project_manager","orgName":"project_manager","charsetNr":63,"length":10,"type":3,"flags":32,"decimals":0,"zeroFill":false,"protocol41":true},"level":"info","message":"","timestamp":"2016-01-09T12:39:48.971Z"}
{"level":"info","message":"connected as id 37","timestamp":"2016-01-09T12:42:57.760Z"}
{"level":"info","message":"listAll SQL:SELECT * FROM projects","timestamp":"2016-01-09T12:42:57.762Z"}
{"level":"info","message":"connected as id 38","timestamp":"2016-01-09T12:42:57.780Z"}
{"level":"info","message":"get SQL:SELECT * FROM users WHERE id='2' LIMIT 1","timestamp":"2016-01-09T12:42:57.780Z"}
{"level":"info","message":"connected as id 37","timestamp":"2016-01-09T12:42:59.103Z"}
{"level":"info","message":"get SQL:SELECT * FROM projects WHERE id='1' LIMIT 1","timestamp":"2016-01-09T12:42:59.105Z"}
{"id":1,"project_name":"Biztalk Migration","prod_date":"2016-01-31","project_manager":2,"level":"info","message":"","timestamp":"2016-01-09T12:42:59.107Z"}
{"0":{"catalog":"def","db":"testdb","table":"projects","orgTable":"projects","name":"id","orgName":"id","charsetNr":63,"length":10,"type":3,"flags":16931,"decimals":0,"zeroFill":false,"protocol41":true},"1":{"catalog":"def","db":"testdb","table":"projects","orgTable":"projects","name":"project_name","orgName":"project_name","charsetNr":33,"length":150,"type":253,"flags":4097,"decimals":0,"zeroFill":false,"protocol41":true},"2":{"catalog":"def","db":"testdb","table":"projects","orgTable":"projects","name":"prod_date","orgName":"prod_date","charsetNr":63,"length":10,"type":10,"flags":4225,"decimals":0,"zeroFill":false,"protocol41":true},"3":{"catalog":"def","db":"testdb","table":"projects","orgTable":"projects","name":"project_manager","orgName":"project_manager","charsetNr":63,"length":10,"type":3,"flags":32,"decimals":0,"zeroFill":false,"protocol41":true},"level":"info","message":"","timestamp":"2016-01-09T12:42:59.109Z"}
{"level":"info","message":"connected as id 38","timestamp":"2016-01-09T12:42:59.183Z"}
{"level":"info","message":"listAll SQL:SELECT * FROM users","timestamp":"2016-01-09T12:42:59.185Z"}
{"level":"info","message":"connected as id 37","timestamp":"2016-01-09T12:43:12.534Z"}
{"level":"info","message":"listAll SQL:SELECT * FROM projects","timestamp":"2016-01-09T12:43:12.535Z"}
{"level":"info","message":"connected as id 38","timestamp":"2016-01-09T12:43:12.557Z"}
{"level":"info","message":"get SQL:SELECT * FROM users WHERE id='2' LIMIT 1","timestamp":"2016-01-09T12:43:12.558Z"}
{"level":"info","message":"connected as id 37","timestamp":"2016-01-09T12:44:26.086Z"}
{"level":"info","message":"listAll SQL:SELECT * FROM projects","timestamp":"2016-01-09T12:44:26.087Z"}
{"level":"info","message":"connected as id 38","timestamp":"2016-01-09T12:44:26.106Z"}
{"level":"info","message":"get SQL:SELECT * FROM users WHERE id='2' LIMIT 1","timestamp":"2016-01-09T12:44:26.107Z"}
{"level":"info","message":"connected as id 37","timestamp":"2016-01-09T12:44:27.736Z"}
{"level":"info","message":"get SQL:SELECT * FROM projects WHERE id='1' LIMIT 1","timestamp":"2016-01-09T12:44:27.737Z"}
{"id":1,"project_name":"Biztalk Migration","prod_date":"2016-01-31","project_manager":2,"level":"info","message":"","timestamp":"2016-01-09T12:44:27.739Z"}
{"0":{"catalog":"def","db":"testdb","table":"projects","orgTable":"projects","name":"id","orgName":"id","charsetNr":63,"length":10,"type":3,"flags":16931,"decimals":0,"zeroFill":false,"protocol41":true},"1":{"catalog":"def","db":"testdb","table":"projects","orgTable":"projects","name":"project_name","orgName":"project_name","charsetNr":33,"length":150,"type":253,"flags":4097,"decimals":0,"zeroFill":false,"protocol41":true},"2":{"catalog":"def","db":"testdb","table":"projects","orgTable":"projects","name":"prod_date","orgName":"prod_date","charsetNr":63,"length":10,"type":10,"flags":4225,"decimals":0,"zeroFill":false,"protocol41":true},"3":{"catalog":"def","db":"testdb","table":"projects","orgTable":"projects","name":"project_manager","orgName":"project_manager","charsetNr":63,"length":10,"type":3,"flags":32,"decimals":0,"zeroFill":false,"protocol41":true},"level":"info","message":"","timestamp":"2016-01-09T12:44:27.740Z"}
{"level":"info","message":"connected as id 38","timestamp":"2016-01-09T12:44:27.817Z"}
{"level":"info","message":"listAll SQL:SELECT * FROM users","timestamp":"2016-01-09T12:44:27.818Z"}
{"level":"info","message":"connected as id 37","timestamp":"2016-01-09T12:45:13.887Z"}
{"level":"info","message":"listAll SQL:SELECT * FROM projects","timestamp":"2016-01-09T12:45:13.889Z"}
{"level":"info","message":"connected as id 38","timestamp":"2016-01-09T12:45:13.908Z"}
{"level":"info","message":"get SQL:SELECT * FROM users WHERE id='2' LIMIT 1","timestamp":"2016-01-09T12:45:13.910Z"}
{"level":"info","message":"connected as id 37","timestamp":"2016-01-09T12:45:15.056Z"}
{"level":"info","message":"get SQL:SELECT * FROM projects WHERE id='1' LIMIT 1","timestamp":"2016-01-09T12:45:15.057Z"}
{"id":1,"project_name":"Biztalk Migration","prod_date":"2016-01-31","project_manager":2,"level":"info","message":"","timestamp":"2016-01-09T12:45:15.059Z"}
{"0":{"catalog":"def","db":"testdb","table":"projects","orgTable":"projects","name":"id","orgName":"id","charsetNr":63,"length":10,"type":3,"flags":16931,"decimals":0,"zeroFill":false,"protocol41":true},"1":{"catalog":"def","db":"testdb","table":"projects","orgTable":"projects","name":"project_name","orgName":"project_name","charsetNr":33,"length":150,"type":253,"flags":4097,"decimals":0,"zeroFill":false,"protocol41":true},"2":{"catalog":"def","db":"testdb","table":"projects","orgTable":"projects","name":"prod_date","orgName":"prod_date","charsetNr":63,"length":10,"type":10,"flags":4225,"decimals":0,"zeroFill":false,"protocol41":true},"3":{"catalog":"def","db":"testdb","table":"projects","orgTable":"projects","name":"project_manager","orgName":"project_manager","charsetNr":63,"length":10,"type":3,"flags":32,"decimals":0,"zeroFill":false,"protocol41":true},"level":"info","message":"","timestamp":"2016-01-09T12:45:15.061Z"}
{"level":"info","message":"connected as id 38","timestamp":"2016-01-09T12:45:15.142Z"}
{"level":"info","message":"listAll SQL:SELECT * FROM users","timestamp":"2016-01-09T12:45:15.144Z"}
{"level":"info","message":"connected as id 37","timestamp":"2016-01-09T12:49:49.675Z"}
{"level":"info","message":"listAll SQL:SELECT * FROM projects","timestamp":"2016-01-09T12:49:49.677Z"}
{"level":"info","message":"connected as id 38","timestamp":"2016-01-09T12:49:49.696Z"}
{"level":"info","message":"get SQL:SELECT * FROM users WHERE id='2' LIMIT 1","timestamp":"2016-01-09T12:49:49.698Z"}
{"level":"info","message":"connected as id 37","timestamp":"2016-01-09T12:49:50.895Z"}
{"level":"info","message":"get SQL:SELECT * FROM projects WHERE id='1' LIMIT 1","timestamp":"2016-01-09T12:49:50.896Z"}
{"id":1,"project_name":"Biztalk Migration","prod_date":"2016-01-31","project_manager":2,"level":"info","message":"","timestamp":"2016-01-09T12:49:50.898Z"}
{"0":{"catalog":"def","db":"testdb","table":"projects","orgTable":"projects","name":"id","orgName":"id","charsetNr":63,"length":10,"type":3,"flags":16931,"decimals":0,"zeroFill":false,"protocol41":true},"1":{"catalog":"def","db":"testdb","table":"projects","orgTable":"projects","name":"project_name","orgName":"project_name","charsetNr":33,"length":150,"type":253,"flags":4097,"decimals":0,"zeroFill":false,"protocol41":true},"2":{"catalog":"def","db":"testdb","table":"projects","orgTable":"projects","name":"prod_date","orgName":"prod_date","charsetNr":63,"length":10,"type":10,"flags":4225,"decimals":0,"zeroFill":false,"protocol41":true},"3":{"catalog":"def","db":"testdb","table":"projects","orgTable":"projects","name":"project_manager","orgName":"project_manager","charsetNr":63,"length":10,"type":3,"flags":32,"decimals":0,"zeroFill":false,"protocol41":true},"level":"info","message":"","timestamp":"2016-01-09T12:49:50.900Z"}
{"level":"info","message":"connected as id 38","timestamp":"2016-01-09T12:49:55.476Z"}
{"level":"info","message":"listAll SQL:SELECT * FROM users","timestamp":"2016-01-09T12:49:55.477Z"}
{"level":"info","message":"connected as id 37","timestamp":"2016-01-09T12:50:03.181Z"}
{"level":"info","message":"get SQL:SELECT * FROM projects WHERE id='1' LIMIT 1","timestamp":"2016-01-09T12:50:03.182Z"}
{"id":1,"project_name":"Biztalk Migration","prod_date":"2016-01-31","project_manager":2,"level":"info","message":"","timestamp":"2016-01-09T12:50:03.184Z"}
{"0":{"catalog":"def","db":"testdb","table":"projects","orgTable":"projects","name":"id","orgName":"id","charsetNr":63,"length":10,"type":3,"flags":16931,"decimals":0,"zeroFill":false,"protocol41":true},"1":{"catalog":"def","db":"testdb","table":"projects","orgTable":"projects","name":"project_name","orgName":"project_name","charsetNr":33,"length":150,"type":253,"flags":4097,"decimals":0,"zeroFill":false,"protocol41":true},"2":{"catalog":"def","db":"testdb","table":"projects","orgTable":"projects","name":"prod_date","orgName":"prod_date","charsetNr":63,"length":10,"type":10,"flags":4225,"decimals":0,"zeroFill":false,"protocol41":true},"3":{"catalog":"def","db":"testdb","table":"projects","orgTable":"projects","name":"project_manager","orgName":"project_manager","charsetNr":63,"length":10,"type":3,"flags":32,"decimals":0,"zeroFill":false,"protocol41":true},"level":"info","message":"","timestamp":"2016-01-09T12:50:03.185Z"}
{"level":"info","message":"connected as id 38","timestamp":"2016-01-09T12:50:03.197Z"}
{"level":"info","message":"listAll SQL:SELECT * FROM users","timestamp":"2016-01-09T12:50:03.198Z"}
{"level":"info","message":"connected as id 37","timestamp":"2016-01-09T12:50:07.150Z"}
{"level":"info","message":"get SQL:SELECT * FROM projects WHERE id='2' LIMIT 1","timestamp":"2016-01-09T12:50:07.151Z"}
{"id":2,"project_name":"Snow rel4","prod_date":"2016-03-31","project_manager":null,"level":"info","message":"","timestamp":"2016-01-09T12:50:07.153Z"}
{"0":{"catalog":"def","db":"testdb","table":"projects","orgTable":"projects","name":"id","orgName":"id","charsetNr":63,"length":10,"type":3,"flags":16931,"decimals":0,"zeroFill":false,"protocol41":true},"1":{"catalog":"def","db":"testdb","table":"projects","orgTable":"projects","name":"project_name","orgName":"project_name","charsetNr":33,"length":150,"type":253,"flags":4097,"decimals":0,"zeroFill":false,"protocol41":true},"2":{"catalog":"def","db":"testdb","table":"projects","orgTable":"projects","name":"prod_date","orgName":"prod_date","charsetNr":63,"length":10,"type":10,"flags":4225,"decimals":0,"zeroFill":false,"protocol41":true},"3":{"catalog":"def","db":"testdb","table":"projects","orgTable":"projects","name":"project_manager","orgName":"project_manager","charsetNr":63,"length":10,"type":3,"flags":32,"decimals":0,"zeroFill":false,"protocol41":true},"level":"info","message":"","timestamp":"2016-01-09T12:50:07.154Z"}
{"level":"info","message":"connected as id 38","timestamp":"2016-01-09T12:50:07.169Z"}
{"level":"info","message":"listAll SQL:SELECT * FROM users","timestamp":"2016-01-09T12:50:07.169Z"}
{"level":"info","message":"connected as id 37","timestamp":"2016-01-09T12:50:10.588Z"}
{"level":"info","message":"get SQL:SELECT * FROM projects WHERE id='1' LIMIT 1","timestamp":"2016-01-09T12:50:10.589Z"}
{"id":1,"project_name":"Biztalk Migration","prod_date":"2016-01-31","project_manager":2,"level":"info","message":"","timestamp":"2016-01-09T12:50:10.592Z"}
{"0":{"catalog":"def","db":"testdb","table":"projects","orgTable":"projects","name":"id","orgName":"id","charsetNr":63,"length":10,"type":3,"flags":16931,"decimals":0,"zeroFill":false,"protocol41":true},"1":{"catalog":"def","db":"testdb","table":"projects","orgTable":"projects","name":"project_name","orgName":"project_name","charsetNr":33,"length":150,"type":253,"flags":4097,"decimals":0,"zeroFill":false,"protocol41":true},"2":{"catalog":"def","db":"testdb","table":"projects","orgTable":"projects","name":"prod_date","orgName":"prod_date","charsetNr":63,"length":10,"type":10,"flags":4225,"decimals":0,"zeroFill":false,"protocol41":true},"3":{"catalog":"def","db":"testdb","table":"projects","orgTable":"projects","name":"project_manager","orgName":"project_manager","charsetNr":63,"length":10,"type":3,"flags":32,"decimals":0,"zeroFill":false,"protocol41":true},"level":"info","message":"","timestamp":"2016-01-09T12:50:10.593Z"}
{"level":"info","message":"connected as id 38","timestamp":"2016-01-09T12:50:10.607Z"}
{"level":"info","message":"listAll SQL:SELECT * FROM users","timestamp":"2016-01-09T12:50:10.608Z"}
{"level":"info","message":"initialize DAL & pool","timestamp":"2016-01-10T11:40:41.380Z"}
{"level":"info","message":"init generic DAL for \"users\" ","timestamp":"2016-01-10T11:40:41.381Z"}
{"level":"info","message":"init generic DAL for \"projects\" ","timestamp":"2016-01-10T11:40:41.382Z"}
{"level":"info","message":"connected as id 39","timestamp":"2016-01-10T11:41:00.248Z"}
{"level":"info","message":"listAll SQL:SELECT * FROM projects","timestamp":"2016-01-10T11:41:00.248Z"}
{"level":"info","message":"connected as id 39","timestamp":"2016-01-10T11:41:00.255Z"}
{"level":"info","message":"get SQL:SELECT * FROM users WHERE id='2' LIMIT 1","timestamp":"2016-01-10T11:41:00.256Z"}
{"level":"info","message":"connected as id 39","timestamp":"2016-01-10T11:41:54.245Z"}
{"level":"info","message":"listAll SQL:SELECT * FROM projects","timestamp":"2016-01-10T11:41:54.245Z"}
{"level":"info","message":"connected as id 39","timestamp":"2016-01-10T11:41:54.251Z"}
{"level":"info","message":"get SQL:SELECT * FROM users WHERE id='2' LIMIT 1","timestamp":"2016-01-10T11:41:54.252Z"}
{"level":"info","message":"connected as id 39","timestamp":"2016-01-10T11:41:56.620Z"}
{"level":"info","message":"get SQL:SELECT * FROM projects WHERE id='1' LIMIT 1","timestamp":"2016-01-10T11:41:56.621Z"}
{"id":1,"project_name":"Biztalk Migration","prod_date":"2016-01-31","project_manager":2,"level":"info","message":"","timestamp":"2016-01-10T11:41:56.622Z"}
{"0":{"catalog":"def","db":"testdb","table":"projects","orgTable":"projects","name":"id","orgName":"id","charsetNr":63,"length":10,"type":3,"flags":16931,"decimals":0,"zeroFill":false,"protocol41":true},"1":{"catalog":"def","db":"testdb","table":"projects","orgTable":"projects","name":"project_name","orgName":"project_name","charsetNr":33,"length":150,"type":253,"flags":4097,"decimals":0,"zeroFill":false,"protocol41":true},"2":{"catalog":"def","db":"testdb","table":"projects","orgTable":"projects","name":"prod_date","orgName":"prod_date","charsetNr":63,"length":10,"type":10,"flags":4225,"decimals":0,"zeroFill":false,"protocol41":true},"3":{"catalog":"def","db":"testdb","table":"projects","orgTable":"projects","name":"project_manager","orgName":"project_manager","charsetNr":63,"length":10,"type":3,"flags":32,"decimals":0,"zeroFill":false,"protocol41":true},"level":"info","message":"","timestamp":"2016-01-10T11:41:56.623Z"}
{"level":"info","message":"connected as id 39","timestamp":"2016-01-10T11:41:56.958Z"}
{"level":"info","message":"listAll SQL:SELECT * FROM users","timestamp":"2016-01-10T11:41:56.959Z"}
{"level":"info","message":"connected as id 39","timestamp":"2016-01-10T11:42:00.628Z"}
{"level":"info","message":"get SQL:SELECT * FROM projects WHERE id='2' LIMIT 1","timestamp":"2016-01-10T11:42:00.628Z"}
{"id":2,"project_name":"Snow rel4","prod_date":"2016-03-31","project_manager":null,"level":"info","message":"","timestamp":"2016-01-10T11:42:00.629Z"}
{"0":{"catalog":"def","db":"testdb","table":"projects","orgTable":"projects","name":"id","orgName":"id","charsetNr":63,"length":10,"type":3,"flags":16931,"decimals":0,"zeroFill":false,"protocol41":true},"1":{"catalog":"def","db":"testdb","table":"projects","orgTable":"projects","name":"project_name","orgName":"project_name","charsetNr":33,"length":150,"type":253,"flags":4097,"decimals":0,"zeroFill":false,"protocol41":true},"2":{"catalog":"def","db":"testdb","table":"projects","orgTable":"projects","name":"prod_date","orgName":"prod_date","charsetNr":63,"length":10,"type":10,"flags":4225,"decimals":0,"zeroFill":false,"protocol41":true},"3":{"catalog":"def","db":"testdb","table":"projects","orgTable":"projects","name":"project_manager","orgName":"project_manager","charsetNr":63,"length":10,"type":3,"flags":32,"decimals":0,"zeroFill":false,"protocol41":true},"level":"info","message":"","timestamp":"2016-01-10T11:42:00.630Z"}
{"level":"info","message":"connected as id 39","timestamp":"2016-01-10T11:42:00.634Z"}
{"level":"info","message":"listAll SQL:SELECT * FROM users","timestamp":"2016-01-10T11:42:00.634Z"}
{"level":"info","message":"connected as id 39","timestamp":"2016-01-10T11:44:25.659Z"}
{"level":"info","message":"listAll SQL:SELECT * FROM projects","timestamp":"2016-01-10T11:44:25.660Z"}
{"level":"info","message":"connected as id 39","timestamp":"2016-01-10T11:44:25.666Z"}
{"level":"info","message":"get SQL:SELECT * FROM users WHERE id='2' LIMIT 1","timestamp":"2016-01-10T11:44:25.666Z"}
{"level":"info","message":"initialize DAL & pool","timestamp":"2016-01-10T11:52:53.967Z"}
{"level":"info","message":"init generic DAL for \"users\" ","timestamp":"2016-01-10T11:52:53.968Z"}
{"level":"info","message":"init generic DAL for \"projects\" ","timestamp":"2016-01-10T11:52:53.968Z"}
{"level":"info","message":"connected as id 40","timestamp":"2016-01-10T11:53:01.601Z"}
{"level":"info","message":"listAll SQL:SELECT * FROM projects","timestamp":"2016-01-10T11:53:01.601Z"}
{"level":"info","message":"connected as id 40","timestamp":"2016-01-10T11:53:01.609Z"}
{"level":"info","message":"get SQL:SELECT * FROM users WHERE id='2' LIMIT 1","timestamp":"2016-01-10T11:53:01.610Z"}
{"level":"info","message":"connected as id 40","timestamp":"2016-01-10T11:53:04.223Z"}
{"level":"info","message":"get SQL:SELECT * FROM projects WHERE id='1' LIMIT 1","timestamp":"2016-01-10T11:53:04.224Z"}
{"id":1,"project_name":"Biztalk Migration","prod_date":"2016-01-31","project_manager":2,"level":"info","message":"","timestamp":"2016-01-10T11:53:04.225Z"}
{"0":{"catalog":"def","db":"testdb","table":"projects","orgTable":"projects","name":"id","orgName":"id","charsetNr":63,"length":10,"type":3,"flags":16931,"decimals":0,"zeroFill":false,"protocol41":true},"1":{"catalog":"def","db":"testdb","table":"projects","orgTable":"projects","name":"project_name","orgName":"project_name","charsetNr":33,"length":150,"type":253,"flags":4097,"decimals":0,"zeroFill":false,"protocol41":true},"2":{"catalog":"def","db":"testdb","table":"projects","orgTable":"projects","name":"prod_date","orgName":"prod_date","charsetNr":63,"length":10,"type":10,"flags":4225,"decimals":0,"zeroFill":false,"protocol41":true},"3":{"catalog":"def","db":"testdb","table":"projects","orgTable":"projects","name":"project_manager","orgName":"project_manager","charsetNr":63,"length":10,"type":3,"flags":32,"decimals":0,"zeroFill":false,"protocol41":true},"level":"info","message":"","timestamp":"2016-01-10T11:53:04.226Z"}
{"level":"info","message":"connected as id 40","timestamp":"2016-01-10T11:53:04.238Z"}
{"level":"info","message":"listAll SQL:SELECT * FROM users","timestamp":"2016-01-10T11:53:04.239Z"}
{"level":"info","message":"connected as id 40","timestamp":"2016-01-10T11:53:06.936Z"}
{"level":"info","message":"listAll SQL:SELECT * FROM users","timestamp":"2016-01-10T11:53:06.937Z"}
